2025-07-21 16:12:42,260|steel|INFO|empty|image|SSP2-RCP26|2020|pig iron production|RoW||||
2025-07-21 16:12:42,260|steel|INFO|empty|image|SSP2-RCP26|2020|pig iron production|IN||||
2025-07-21 16:12:42,266|steel|INFO|empty|image|SSP2-RCP26|2020|pig iron production|RER||||
2025-07-21 16:12:42,304|steel|INFO|created|image|SSP2-RCP26|2020|pig iron production|BRA|0.0|||
2025-07-21 16:12:42,304|steel|INFO|created|image|SSP2-RCP26|2020|pig iron production|CAN|0.0|||
2025-07-21 16:12:42,304|steel|INFO|created|image|SSP2-RCP26|2020|pig iron production|CEU|0.0|||
2025-07-21 16:12:42,304|steel|INFO|created|image|SSP2-RCP26|2020|pig iron production|CHN|0.0|||
2025-07-21 16:12:42,304|steel|INFO|created|image|SSP2-RCP26|2020|pig iron production|EAF|0.0|||
2025-07-21 16:12:42,304|steel|INFO|created|image|SSP2-RCP26|2020|pig iron production|INDIA|0.0|||
2025-07-21 16:12:42,304|steel|INFO|created|image|SSP2-RCP26|2020|pig iron production|INDO|0.0|||
2025-07-21 16:12:42,304|steel|INFO|created|image|SSP2-RCP26|2020|pig iron production|JAP|0.0|||
2025-07-21 16:12:42,304|steel|INFO|created|image|SSP2-RCP26|2020|pig iron production|KOR|0.0|||
2025-07-21 16:12:42,304|steel|INFO|created|image|SSP2-RCP26|2020|pig iron production|ME|0.0|||
2025-07-21 16:12:42,304|steel|INFO|created|image|SSP2-RCP26|2020|pig iron production|MEX|0.0|||
2025-07-21 16:12:42,304|steel|INFO|created|image|SSP2-RCP26|2020|pig iron production|NAF|0.0|||
2025-07-21 16:12:42,304|steel|INFO|created|image|SSP2-RCP26|2020|pig iron production|OCE|0.0|||
2025-07-21 16:12:42,304|steel|INFO|created|image|SSP2-RCP26|2020|pig iron production|RCAM|0.0|||
2025-07-21 16:12:42,304|steel|INFO|created|image|SSP2-RCP26|2020|pig iron production|RSAF|0.0|||
2025-07-21 16:12:42,304|steel|INFO|created|image|SSP2-RCP26|2020|pig iron production|RSAM|0.0|||
2025-07-21 16:12:42,304|steel|INFO|created|image|SSP2-RCP26|2020|pig iron production|RSAS|0.0|||
2025-07-21 16:12:42,310|steel|INFO|created|image|SSP2-RCP26|2020|pig iron production|RUS|0.0|||
2025-07-21 16:12:42,310|steel|INFO|created|image|SSP2-RCP26|2020|pig iron production|SAF|0.0|||
2025-07-21 16:12:42,310|steel|INFO|created|image|SSP2-RCP26|2020|pig iron production|SEAS|0.0|||
2025-07-21 16:12:42,310|steel|INFO|created|image|SSP2-RCP26|2020|pig iron production|STAN|0.0|||
2025-07-21 16:12:42,310|steel|INFO|created|image|SSP2-RCP26|2020|pig iron production|TUR|0.0|||
2025-07-21 16:12:42,310|steel|INFO|created|image|SSP2-RCP26|2020|pig iron production|UKR|0.0|||
2025-07-21 16:12:42,310|steel|INFO|created|image|SSP2-RCP26|2020|pig iron production|USA|0.0|||
2025-07-21 16:12:42,310|steel|INFO|created|image|SSP2-RCP26|2020|pig iron production|WAF|0.0|||
2025-07-21 16:12:42,310|steel|INFO|created|image|SSP2-RCP26|2020|pig iron production|WEU|0.0|||
2025-07-21 16:12:42,310|steel|INFO|created|image|SSP2-RCP26|2020|pig iron production|World|0.0|||
2025-07-21 16:12:42,994|steel|INFO|empty|image|SSP2-RCP26|2020|market for pig iron|RoW||||
2025-07-21 16:12:42,994|steel|INFO|empty|image|SSP2-RCP26|2020|market for pig iron|RER||||
2025-07-21 16:12:43,015|steel|INFO|created|image|SSP2-RCP26|2020|market for pig iron|BRA||||
2025-07-21 16:12:43,015|steel|INFO|created|image|SSP2-RCP26|2020|market for pig iron|CAN||||
2025-07-21 16:12:43,015|steel|INFO|created|image|SSP2-RCP26|2020|market for pig iron|CEU||||
2025-07-21 16:12:43,015|steel|INFO|created|image|SSP2-RCP26|2020|market for pig iron|CHN||||
2025-07-21 16:12:43,015|steel|INFO|created|image|SSP2-RCP26|2020|market for pig iron|EAF||||
2025-07-21 16:12:43,015|steel|INFO|created|image|SSP2-RCP26|2020|market for pig iron|INDIA||||
2025-07-21 16:12:43,015|steel|INFO|created|image|SSP2-RCP26|2020|market for pig iron|INDO||||
2025-07-21 16:12:43,015|steel|INFO|created|image|SSP2-RCP26|2020|market for pig iron|JAP||||
2025-07-21 16:12:43,015|steel|INFO|created|image|SSP2-RCP26|2020|market for pig iron|KOR||||
2025-07-21 16:12:43,015|steel|INFO|created|image|SSP2-RCP26|2020|market for pig iron|ME||||
2025-07-21 16:12:43,015|steel|INFO|created|image|SSP2-RCP26|2020|market for pig iron|MEX||||
2025-07-21 16:12:43,015|steel|INFO|created|image|SSP2-RCP26|2020|market for pig iron|NAF||||
2025-07-21 16:12:43,015|steel|INFO|created|image|SSP2-RCP26|2020|market for pig iron|OCE||||
2025-07-21 16:12:43,015|steel|INFO|created|image|SSP2-RCP26|2020|market for pig iron|RCAM||||
2025-07-21 16:12:43,015|steel|INFO|created|image|SSP2-RCP26|2020|market for pig iron|RSAF||||
2025-07-21 16:12:43,015|steel|INFO|created|image|SSP2-RCP26|2020|market for pig iron|RSAM||||
2025-07-21 16:12:43,015|steel|INFO|created|image|SSP2-RCP26|2020|market for pig iron|RSAS||||
2025-07-21 16:12:43,015|steel|INFO|created|image|SSP2-RCP26|2020|market for pig iron|RUS||||
2025-07-21 16:12:43,015|steel|INFO|created|image|SSP2-RCP26|2020|market for pig iron|SAF||||
2025-07-21 16:12:43,015|steel|INFO|created|image|SSP2-RCP26|2020|market for pig iron|SEAS||||
2025-07-21 16:12:43,015|steel|INFO|created|image|SSP2-RCP26|2020|market for pig iron|STAN||||
2025-07-21 16:12:43,015|steel|INFO|created|image|SSP2-RCP26|2020|market for pig iron|TUR||||
2025-07-21 16:12:43,015|steel|INFO|created|image|SSP2-RCP26|2020|market for pig iron|UKR||||
2025-07-21 16:12:43,015|steel|INFO|created|image|SSP2-RCP26|2020|market for pig iron|USA||||
2025-07-21 16:12:43,015|steel|INFO|created|image|SSP2-RCP26|2020|market for pig iron|WAF||||
2025-07-21 16:12:43,015|steel|INFO|created|image|SSP2-RCP26|2020|market for pig iron|WEU||||
2025-07-21 16:12:43,015|steel|INFO|created|image|SSP2-RCP26|2020|market for pig iron|World||||
2025-07-21 16:12:43,904|steel|INFO|empty|image|SSP2-RCP26|2020|market for steel, low-alloyed|GLO||||
2025-07-21 16:12:44,281|steel|INFO|created|image|SSP2-RCP26|2020|market for steel, low-alloyed|BRA|||0.7923411025795043|0.2076588974204957
2025-07-21 16:12:44,281|steel|INFO|created|image|SSP2-RCP26|2020|market for steel, low-alloyed|CAN|||0.48679092830896536|0.5132090716910347
2025-07-21 16:12:44,281|steel|INFO|created|image|SSP2-RCP26|2020|market for steel, low-alloyed|CEU|||0.4386039994740234|0.5613960005259766
2025-07-21 16:12:44,281|steel|INFO|created|image|SSP2-RCP26|2020|market for steel, low-alloyed|CHN|||0.8757921684262151|0.1242078315737849
2025-07-21 16:12:44,281|steel|INFO|created|image|SSP2-RCP26|2020|market for steel, low-alloyed|EAF|||0.6524499620481689|0.34755003795183115
2025-07-21 16:12:44,281|steel|INFO|created|image|SSP2-RCP26|2020|market for steel, low-alloyed|INDIA|||0.9527102914788008|0.04728970852119918
2025-07-21 16:12:44,281|steel|INFO|created|image|SSP2-RCP26|2020|market for steel, low-alloyed|INDO|||0.47658524838109967|0.5234147516189003
2025-07-21 16:12:44,281|steel|INFO|created|image|SSP2-RCP26|2020|market for steel, low-alloyed|JAP|||0.7166127589277067|0.2833872410722933
2025-07-21 16:12:44,281|steel|INFO|created|image|SSP2-RCP26|2020|market for steel, low-alloyed|KOR|||0.6458051267845133|0.3541948732154867
2025-07-21 16:12:44,281|steel|INFO|created|image|SSP2-RCP26|2020|market for steel, low-alloyed|ME|||0.6119563484893298|0.3880436515106702
2025-07-21 16:12:44,281|steel|INFO|created|image|SSP2-RCP26|2020|market for steel, low-alloyed|MEX|||0.5533318753606059|0.4466681246393941
2025-07-21 16:12:44,281|steel|INFO|created|image|SSP2-RCP26|2020|market for steel, low-alloyed|NAF|||0.6142076666654938|0.38579233333450624
2025-07-21 16:12:44,281|steel|INFO|created|image|SSP2-RCP26|2020|market for steel, low-alloyed|OCE|||0.8269948996158385|0.1730051003841615
2025-07-21 16:12:44,281|steel|INFO|created|image|SSP2-RCP26|2020|market for steel, low-alloyed|RCAM|||0.4231654379149859|0.5768345620850142
2025-07-21 16:12:44,281|steel|INFO|created|image|SSP2-RCP26|2020|market for steel, low-alloyed|RSAF|||0.09458166721380677|0.9054183327861932
2025-07-21 16:12:44,281|steel|INFO|created|image|SSP2-RCP26|2020|market for steel, low-alloyed|RSAM|||0.9092382549109296|0.09076174508907042
2025-07-21 16:12:44,281|steel|INFO|created|image|SSP2-RCP26|2020|market for steel, low-alloyed|RSAS|||0.8684300419559018|0.1315699580440982
2025-07-21 16:12:44,281|steel|INFO|created|image|SSP2-RCP26|2020|market for steel, low-alloyed|RUS|||0.6923246625676259|0.3076753374323741
2025-07-21 16:12:44,281|steel|INFO|created|image|SSP2-RCP26|2020|market for steel, low-alloyed|SAF|||0.6445718410365092|0.3554281589634908
2025-07-21 16:12:44,290|steel|INFO|created|image|SSP2-RCP26|2020|market for steel, low-alloyed|SEAS|||0.40497209645528753|0.5950279035447125
2025-07-21 16:12:44,290|steel|INFO|created|image|SSP2-RCP26|2020|market for steel, low-alloyed|STAN|||0.6901739631173878|0.30982603688261223
2025-07-21 16:12:44,290|steel|INFO|created|image|SSP2-RCP26|2020|market for steel, low-alloyed|TUR|||0.7441910963533654|0.25580890364663456
2025-07-21 16:12:44,290|steel|INFO|created|image|SSP2-RCP26|2020|market for steel, low-alloyed|UKR|||0.7552155441746208|0.24478445582537922
2025-07-21 16:12:44,290|steel|INFO|created|image|SSP2-RCP26|2020|market for steel, low-alloyed|USA|||0.49043577811633327|0.5095642218836667
2025-07-21 16:12:44,290|steel|INFO|created|image|SSP2-RCP26|2020|market for steel, low-alloyed|WAF|||0.24477748000231825|0.7552225199976818
2025-07-21 16:12:44,290|steel|INFO|created|image|SSP2-RCP26|2020|market for steel, low-alloyed|WEU|||0.5697155364319099|0.43028446356809014
2025-07-21 16:12:44,290|steel|INFO|created|image|SSP2-RCP26|2020|market for steel, low-alloyed|World||||
2025-07-21 16:12:45,059|steel|INFO|empty|image|SSP2-RCP26|2020|market for steel, unalloyed|GLO||||
2025-07-21 16:12:45,138|steel|INFO|created|image|SSP2-RCP26|2020|market for steel, unalloyed|BRA||||
2025-07-21 16:12:45,138|steel|INFO|created|image|SSP2-RCP26|2020|market for steel, unalloyed|CAN||||
2025-07-21 16:12:45,138|steel|INFO|created|image|SSP2-RCP26|2020|market for steel, unalloyed|CEU||||
2025-07-21 16:12:45,138|steel|INFO|created|image|SSP2-RCP26|2020|market for steel, unalloyed|CHN||||
2025-07-21 16:12:45,138|steel|INFO|created|image|SSP2-RCP26|2020|market for steel, unalloyed|EAF||||
2025-07-21 16:12:45,138|steel|INFO|created|image|SSP2-RCP26|2020|market for steel, unalloyed|INDIA||||
2025-07-21 16:12:45,138|steel|INFO|created|image|SSP2-RCP26|2020|market for steel, unalloyed|INDO||||
2025-07-21 16:12:45,138|steel|INFO|created|image|SSP2-RCP26|2020|market for steel, unalloyed|JAP||||
2025-07-21 16:12:45,138|steel|INFO|created|image|SSP2-RCP26|2020|market for steel, unalloyed|KOR||||
2025-07-21 16:12:45,138|steel|INFO|created|image|SSP2-RCP26|2020|market for steel, unalloyed|ME||||
2025-07-21 16:12:45,140|steel|INFO|created|image|SSP2-RCP26|2020|market for steel, unalloyed|MEX||||
2025-07-21 16:12:45,140|steel|INFO|created|image|SSP2-RCP26|2020|market for steel, unalloyed|NAF||||
2025-07-21 16:12:45,140|steel|INFO|created|image|SSP2-RCP26|2020|market for steel, unalloyed|OCE||||
2025-07-21 16:12:45,140|steel|INFO|created|image|SSP2-RCP26|2020|market for steel, unalloyed|RCAM||||
2025-07-21 16:12:45,140|steel|INFO|created|image|SSP2-RCP26|2020|market for steel, unalloyed|RSAF||||
2025-07-21 16:12:45,140|steel|INFO|created|image|SSP2-RCP26|2020|market for steel, unalloyed|RSAM||||
2025-07-21 16:12:45,140|steel|INFO|created|image|SSP2-RCP26|2020|market for steel, unalloyed|RSAS||||
2025-07-21 16:12:45,140|steel|INFO|created|image|SSP2-RCP26|2020|market for steel, unalloyed|RUS||||
2025-07-21 16:12:45,140|steel|INFO|created|image|SSP2-RCP26|2020|market for steel, unalloyed|SAF||||
2025-07-21 16:12:45,140|steel|INFO|created|image|SSP2-RCP26|2020|market for steel, unalloyed|SEAS||||
2025-07-21 16:12:45,140|steel|INFO|created|image|SSP2-RCP26|2020|market for steel, unalloyed|STAN||||
2025-07-21 16:12:45,140|steel|INFO|created|image|SSP2-RCP26|2020|market for steel, unalloyed|TUR||||
2025-07-21 16:12:45,140|steel|INFO|created|image|SSP2-RCP26|2020|market for steel, unalloyed|UKR||||
2025-07-21 16:12:45,141|steel|INFO|created|image|SSP2-RCP26|2020|market for steel, unalloyed|USA||||
2025-07-21 16:12:45,141|steel|INFO|created|image|SSP2-RCP26|2020|market for steel, unalloyed|WAF||||
2025-07-21 16:12:45,141|steel|INFO|created|image|SSP2-RCP26|2020|market for steel, unalloyed|WEU||||
2025-07-21 16:12:45,141|steel|INFO|created|image|SSP2-RCP26|2020|market for steel, unalloyed|World||||
2025-07-21 16:12:45,796|steel|INFO|empty|image|SSP2-RCP26|2020|market for steel, chromium steel 18/8|GLO||||
2025-07-21 16:12:45,901|steel|INFO|created|image|SSP2-RCP26|2020|market for steel, chromium steel 18/8|BRA||||
2025-07-21 16:12:45,901|steel|INFO|created|image|SSP2-RCP26|2020|market for steel, chromium steel 18/8|CAN||||
2025-07-21 16:12:45,901|steel|INFO|created|image|SSP2-RCP26|2020|market for steel, chromium steel 18/8|CEU||||
2025-07-21 16:12:45,901|steel|INFO|created|image|SSP2-RCP26|2020|market for steel, chromium steel 18/8|CHN||||
2025-07-21 16:12:45,901|steel|INFO|created|image|SSP2-RCP26|2020|market for steel, chromium steel 18/8|EAF||||
2025-07-21 16:12:45,901|steel|INFO|created|image|SSP2-RCP26|2020|market for steel, chromium steel 18/8|INDIA||||
2025-07-21 16:12:45,901|steel|INFO|created|image|SSP2-RCP26|2020|market for steel, chromium steel 18/8|INDO||||
2025-07-21 16:12:45,901|steel|INFO|created|image|SSP2-RCP26|2020|market for steel, chromium steel 18/8|JAP||||
2025-07-21 16:12:45,901|steel|INFO|created|image|SSP2-RCP26|2020|market for steel, chromium steel 18/8|KOR||||
2025-07-21 16:12:45,901|steel|INFO|created|image|SSP2-RCP26|2020|market for steel, chromium steel 18/8|ME||||
2025-07-21 16:12:45,901|steel|INFO|created|image|SSP2-RCP26|2020|market for steel, chromium steel 18/8|MEX||||
2025-07-21 16:12:45,901|steel|INFO|created|image|SSP2-RCP26|2020|market for steel, chromium steel 18/8|NAF||||
2025-07-21 16:12:45,901|steel|INFO|created|image|SSP2-RCP26|2020|market for steel, chromium steel 18/8|OCE||||
2025-07-21 16:12:45,901|steel|INFO|created|image|SSP2-RCP26|2020|market for steel, chromium steel 18/8|RCAM||||
2025-07-21 16:12:45,901|steel|INFO|created|image|SSP2-RCP26|2020|market for steel, chromium steel 18/8|RSAF||||
2025-07-21 16:12:45,901|steel|INFO|created|image|SSP2-RCP26|2020|market for steel, chromium steel 18/8|RSAM||||
2025-07-21 16:12:45,901|steel|INFO|created|image|SSP2-RCP26|2020|market for steel, chromium steel 18/8|RSAS||||
2025-07-21 16:12:45,901|steel|INFO|created|image|SSP2-RCP26|2020|market for steel, chromium steel 18/8|RUS||||
2025-07-21 16:12:45,901|steel|INFO|created|image|SSP2-RCP26|2020|market for steel, chromium steel 18/8|SAF||||
2025-07-21 16:12:45,901|steel|INFO|created|image|SSP2-RCP26|2020|market for steel, chromium steel 18/8|SEAS||||
2025-07-21 16:12:45,901|steel|INFO|created|image|SSP2-RCP26|2020|market for steel, chromium steel 18/8|STAN||||
2025-07-21 16:12:45,901|steel|INFO|created|image|SSP2-RCP26|2020|market for steel, chromium steel 18/8|TUR||||
2025-07-21 16:12:45,901|steel|INFO|created|image|SSP2-RCP26|2020|market for steel, chromium steel 18/8|UKR||||
2025-07-21 16:12:45,901|steel|INFO|created|image|SSP2-RCP26|2020|market for steel, chromium steel 18/8|USA||||
2025-07-21 16:12:45,901|steel|INFO|created|image|SSP2-RCP26|2020|market for steel, chromium steel 18/8|WAF||||
2025-07-21 16:12:45,901|steel|INFO|created|image|SSP2-RCP26|2020|market for steel, chromium steel 18/8|WEU||||
2025-07-21 16:12:45,901|steel|INFO|created|image|SSP2-RCP26|2020|market for steel, chromium steel 18/8|World||||
2025-07-21 16:12:46,734|steel|INFO|empty|image|SSP2-RCP26|2020|steel production, converter, low-alloyed|IN||||
2025-07-21 16:12:46,801|steel|INFO|empty|image|SSP2-RCP26|2020|steel production, converter, low-alloyed|RoW||||
2025-07-21 16:12:46,802|steel|INFO|empty|image|SSP2-RCP26|2020|steel production, converter, low-alloyed|RER||||
2025-07-21 16:12:47,645|steel|INFO|empty|image|SSP2-RCP26|2020|steel production, converter, unalloyed|RER||||
2025-07-21 16:12:47,720|steel|INFO|empty|image|SSP2-RCP26|2020|steel production, converter, unalloyed|RoW||||
2025-07-21 16:12:48,733|steel|INFO|empty|image|SSP2-RCP26|2020|steel production, electric, chromium steel 18/8|RoW||||
2025-07-21 16:12:48,738|steel|INFO|empty|image|SSP2-RCP26|2020|steel production, electric, chromium steel 18/8|RER||||
2025-07-21 16:12:49,945|steel|INFO|empty|image|SSP2-RCP26|2020|steel production, electric, low-alloyed|CH||||
2025-07-21 16:12:49,945|steel|INFO|empty|image|SSP2-RCP26|2020|steel production, electric, low-alloyed|IN||||
2025-07-21 16:12:49,950|steel|INFO|empty|image|SSP2-RCP26|2020|steel production, electric, low-alloyed|Europe without Switzerland and Austria||||
2025-07-21 16:12:49,952|steel|INFO|empty|image|SSP2-RCP26|2020|steel production, electric, low-alloyed|CA-QC||||
2025-07-21 16:12:50,037|steel|INFO|empty|image|SSP2-RCP26|2020|steel production, electric, low-alloyed|RoW||||
2025-07-21 16:12:50,043|steel|INFO|empty|image|SSP2-RCP26|2020|steel production, electric, low-alloyed|AT||||
2025-07-21 16:12:50,074|steel|INFO|created|image|SSP2-RCP26|2020|steel production, converter, low-alloyed|BRA|0.0|||
2025-07-21 16:12:50,074|steel|INFO|created|image|SSP2-RCP26|2020|steel production, converter, low-alloyed|CAN|0.0|||
2025-07-21 16:12:50,074|steel|INFO|created|image|SSP2-RCP26|2020|steel production, converter, low-alloyed|CEU|0.0|||
2025-07-21 16:12:50,074|steel|INFO|created|image|SSP2-RCP26|2020|steel production, converter, low-alloyed|CHN|0.0|||
2025-07-21 16:12:50,074|steel|INFO|created|image|SSP2-RCP26|2020|steel production, converter, low-alloyed|EAF|0.0|||
2025-07-21 16:12:50,074|steel|INFO|created|image|SSP2-RCP26|2020|steel production, converter, low-alloyed|INDIA|0.0|||
2025-07-21 16:12:50,074|steel|INFO|created|image|SSP2-RCP26|2020|steel production, converter, low-alloyed|INDO|0.0|||
2025-07-21 16:12:50,074|steel|INFO|created|image|SSP2-RCP26|2020|steel production, converter, low-alloyed|JAP|0.0|||
2025-07-21 16:12:50,074|steel|INFO|created|image|SSP2-RCP26|2020|steel production, converter, low-alloyed|KOR|0.0|||
2025-07-21 16:12:50,074|steel|INFO|created|image|SSP2-RCP26|2020|steel production, converter, low-alloyed|ME|0.0|||
2025-07-21 16:12:50,074|steel|INFO|created|image|SSP2-RCP26|2020|steel production, converter, low-alloyed|MEX|0.0|||
2025-07-21 16:12:50,074|steel|INFO|created|image|SSP2-RCP26|2020|steel production, converter, low-alloyed|NAF|0.0|||
2025-07-21 16:12:50,074|steel|INFO|created|image|SSP2-RCP26|2020|steel production, converter, low-alloyed|OCE|0.0|||
2025-07-21 16:12:50,074|steel|INFO|created|image|SSP2-RCP26|2020|steel production, converter, low-alloyed|RCAM|0.0|||
2025-07-21 16:12:50,074|steel|INFO|created|image|SSP2-RCP26|2020|steel production, converter, low-alloyed|RSAF|0.0|||
2025-07-21 16:12:50,074|steel|INFO|created|image|SSP2-RCP26|2020|steel production, converter, low-alloyed|RSAM|0.0|||
2025-07-21 16:12:50,074|steel|INFO|created|image|SSP2-RCP26|2020|steel production, converter, low-alloyed|RSAS|0.0|||
2025-07-21 16:12:50,074|steel|INFO|created|image|SSP2-RCP26|2020|steel production, converter, low-alloyed|RUS|0.0|||
2025-07-21 16:12:50,074|steel|INFO|created|image|SSP2-RCP26|2020|steel production, converter, low-alloyed|SAF|0.0|||
2025-07-21 16:12:50,074|steel|INFO|created|image|SSP2-RCP26|2020|steel production, converter, low-alloyed|SEAS|0.0|||
2025-07-21 16:12:50,074|steel|INFO|created|image|SSP2-RCP26|2020|steel production, converter, low-alloyed|STAN|0.0|||
2025-07-21 16:12:50,074|steel|INFO|created|image|SSP2-RCP26|2020|steel production, converter, low-alloyed|TUR|0.0|||
2025-07-21 16:12:50,074|steel|INFO|created|image|SSP2-RCP26|2020|steel production, converter, low-alloyed|UKR|0.0|||
2025-07-21 16:12:50,074|steel|INFO|created|image|SSP2-RCP26|2020|steel production, converter, low-alloyed|USA|0.0|||
2025-07-21 16:12:50,079|steel|INFO|created|image|SSP2-RCP26|2020|steel production, converter, low-alloyed|WAF|0.0|||
2025-07-21 16:12:50,079|steel|INFO|created|image|SSP2-RCP26|2020|steel production, converter, low-alloyed|WEU|0.0|||
2025-07-21 16:12:50,079|steel|INFO|created|image|SSP2-RCP26|2020|steel production, converter, low-alloyed|World|0.0|||
2025-07-21 16:12:50,121|steel|INFO|created|image|SSP2-RCP26|2020|steel production, converter, unalloyed|BRA|0.0|||
2025-07-21 16:12:50,122|steel|INFO|created|image|SSP2-RCP26|2020|steel production, converter, unalloyed|CAN|0.0|||
2025-07-21 16:12:50,122|steel|INFO|created|image|SSP2-RCP26|2020|steel production, converter, unalloyed|CEU|0.0|||
2025-07-21 16:12:50,122|steel|INFO|created|image|SSP2-RCP26|2020|steel production, converter, unalloyed|CHN|0.0|||
2025-07-21 16:12:50,122|steel|INFO|created|image|SSP2-RCP26|2020|steel production, converter, unalloyed|EAF|0.0|||
2025-07-21 16:12:50,122|steel|INFO|created|image|SSP2-RCP26|2020|steel production, converter, unalloyed|INDIA|0.0|||
2025-07-21 16:12:50,123|steel|INFO|created|image|SSP2-RCP26|2020|steel production, converter, unalloyed|INDO|0.0|||
2025-07-21 16:12:50,123|steel|INFO|created|image|SSP2-RCP26|2020|steel production, converter, unalloyed|JAP|0.0|||
2025-07-21 16:12:50,123|steel|INFO|created|image|SSP2-RCP26|2020|steel production, converter, unalloyed|KOR|0.0|||
2025-07-21 16:12:50,123|steel|INFO|created|image|SSP2-RCP26|2020|steel production, converter, unalloyed|ME|0.0|||
2025-07-21 16:12:50,123|steel|INFO|created|image|SSP2-RCP26|2020|steel production, converter, unalloyed|MEX|0.0|||
2025-07-21 16:12:50,123|steel|INFO|created|image|SSP2-RCP26|2020|steel production, converter, unalloyed|NAF|0.0|||
2025-07-21 16:12:50,123|steel|INFO|created|image|SSP2-RCP26|2020|steel production, converter, unalloyed|OCE|0.0|||
2025-07-21 16:12:50,123|steel|INFO|created|image|SSP2-RCP26|2020|steel production, converter, unalloyed|RCAM|0.0|||
2025-07-21 16:12:50,123|steel|INFO|created|image|SSP2-RCP26|2020|steel production, converter, unalloyed|RSAF|0.0|||
2025-07-21 16:12:50,123|steel|INFO|created|image|SSP2-RCP26|2020|steel production, converter, unalloyed|RSAM|0.0|||
2025-07-21 16:12:50,123|steel|INFO|created|image|SSP2-RCP26|2020|steel production, converter, unalloyed|RSAS|0.0|||
2025-07-21 16:12:50,123|steel|INFO|created|image|SSP2-RCP26|2020|steel production, converter, unalloyed|RUS|0.0|||
2025-07-21 16:12:50,123|steel|INFO|created|image|SSP2-RCP26|2020|steel production, converter, unalloyed|SAF|0.0|||
2025-07-21 16:12:50,123|steel|INFO|created|image|SSP2-RCP26|2020|steel production, converter, unalloyed|SEAS|0.0|||
2025-07-21 16:12:50,123|steel|INFO|created|image|SSP2-RCP26|2020|steel production, converter, unalloyed|STAN|0.0|||
2025-07-21 16:12:50,123|steel|INFO|created|image|SSP2-RCP26|2020|steel production, converter, unalloyed|TUR|0.0|||
2025-07-21 16:12:50,123|steel|INFO|created|image|SSP2-RCP26|2020|steel production, converter, unalloyed|UKR|0.0|||
2025-07-21 16:12:50,123|steel|INFO|created|image|SSP2-RCP26|2020|steel production, converter, unalloyed|USA|0.0|||
2025-07-21 16:12:50,123|steel|INFO|created|image|SSP2-RCP26|2020|steel production, converter, unalloyed|WAF|0.0|||
2025-07-21 16:12:50,123|steel|INFO|created|image|SSP2-RCP26|2020|steel production, converter, unalloyed|WEU|0.0|||
2025-07-21 16:12:50,123|steel|INFO|created|image|SSP2-RCP26|2020|steel production, converter, unalloyed|World|0.0|||
2025-07-21 16:12:50,175|steel|INFO|created|image|SSP2-RCP26|2020|steel production, electric, chromium steel 18/8|BRA|0.0|||
2025-07-21 16:12:50,175|steel|INFO|created|image|SSP2-RCP26|2020|steel production, electric, chromium steel 18/8|CAN|0.0|||
2025-07-21 16:12:50,175|steel|INFO|created|image|SSP2-RCP26|2020|steel production, electric, chromium steel 18/8|CEU|0.0|||
2025-07-21 16:12:50,175|steel|INFO|created|image|SSP2-RCP26|2020|steel production, electric, chromium steel 18/8|CHN|0.0|||
2025-07-21 16:12:50,175|steel|INFO|created|image|SSP2-RCP26|2020|steel production, electric, chromium steel 18/8|EAF|0.0|||
2025-07-21 16:12:50,175|steel|INFO|created|image|SSP2-RCP26|2020|steel production, electric, chromium steel 18/8|INDIA|0.0|||
2025-07-21 16:12:50,175|steel|INFO|created|image|SSP2-RCP26|2020|steel production, electric, chromium steel 18/8|INDO|0.0|||
2025-07-21 16:12:50,175|steel|INFO|created|image|SSP2-RCP26|2020|steel production, electric, chromium steel 18/8|JAP|0.0|||
2025-07-21 16:12:50,177|steel|INFO|created|image|SSP2-RCP26|2020|steel production, electric, chromium steel 18/8|KOR|0.0|||
2025-07-21 16:12:50,177|steel|INFO|created|image|SSP2-RCP26|2020|steel production, electric, chromium steel 18/8|ME|0.0|||
2025-07-21 16:12:50,177|steel|INFO|created|image|SSP2-RCP26|2020|steel production, electric, chromium steel 18/8|MEX|0.0|||
2025-07-21 16:12:50,177|steel|INFO|created|image|SSP2-RCP26|2020|steel production, electric, chromium steel 18/8|NAF|0.0|||
2025-07-21 16:12:50,177|steel|INFO|created|image|SSP2-RCP26|2020|steel production, electric, chromium steel 18/8|OCE|0.0|||
2025-07-21 16:12:50,177|steel|INFO|created|image|SSP2-RCP26|2020|steel production, electric, chromium steel 18/8|RCAM|0.0|||
2025-07-21 16:12:50,177|steel|INFO|created|image|SSP2-RCP26|2020|steel production, electric, chromium steel 18/8|RSAF|0.0|||
2025-07-21 16:12:50,177|steel|INFO|created|image|SSP2-RCP26|2020|steel production, electric, chromium steel 18/8|RSAM|0.0|||
2025-07-21 16:12:50,177|steel|INFO|created|image|SSP2-RCP26|2020|steel production, electric, chromium steel 18/8|RSAS|0.0|||
2025-07-21 16:12:50,177|steel|INFO|created|image|SSP2-RCP26|2020|steel production, electric, chromium steel 18/8|RUS|0.0|||
2025-07-21 16:12:50,177|steel|INFO|created|image|SSP2-RCP26|2020|steel production, electric, chromium steel 18/8|SAF|0.0|||
2025-07-21 16:12:50,177|steel|INFO|created|image|SSP2-RCP26|2020|steel production, electric, chromium steel 18/8|SEAS|0.0|||
2025-07-21 16:12:50,177|steel|INFO|created|image|SSP2-RCP26|2020|steel production, electric, chromium steel 18/8|STAN|0.0|||
2025-07-21 16:12:50,177|steel|INFO|created|image|SSP2-RCP26|2020|steel production, electric, chromium steel 18/8|TUR|0.0|||
2025-07-21 16:12:50,177|steel|INFO|created|image|SSP2-RCP26|2020|steel production, electric, chromium steel 18/8|UKR|0.0|||
2025-07-21 16:12:50,179|steel|INFO|created|image|SSP2-RCP26|2020|steel production, electric, chromium steel 18/8|USA|0.0|||
2025-07-21 16:12:50,179|steel|INFO|created|image|SSP2-RCP26|2020|steel production, electric, chromium steel 18/8|WAF|0.0|||
2025-07-21 16:12:50,179|steel|INFO|created|image|SSP2-RCP26|2020|steel production, electric, chromium steel 18/8|WEU|0.0|||
2025-07-21 16:12:50,180|steel|INFO|created|image|SSP2-RCP26|2020|steel production, electric, chromium steel 18/8|World|0.0|||
2025-07-21 16:12:50,216|steel|INFO|created|image|SSP2-RCP26|2020|steel production, electric, low-alloyed|BRA|0.0|||
2025-07-21 16:12:50,218|steel|INFO|created|image|SSP2-RCP26|2020|steel production, electric, low-alloyed|CAN|0.0|||
2025-07-21 16:12:50,218|steel|INFO|created|image|SSP2-RCP26|2020|steel production, electric, low-alloyed|CEU|0.0|||
2025-07-21 16:12:50,218|steel|INFO|created|image|SSP2-RCP26|2020|steel production, electric, low-alloyed|CHN|0.0|||
2025-07-21 16:12:50,218|steel|INFO|created|image|SSP2-RCP26|2020|steel production, electric, low-alloyed|EAF|0.0|||
2025-07-21 16:12:50,218|steel|INFO|created|image|SSP2-RCP26|2020|steel production, electric, low-alloyed|INDIA|0.0|||
2025-07-21 16:12:50,218|steel|INFO|created|image|SSP2-RCP26|2020|steel production, electric, low-alloyed|INDO|0.0|||
2025-07-21 16:12:50,218|steel|INFO|created|image|SSP2-RCP26|2020|steel production, electric, low-alloyed|JAP|0.0|||
2025-07-21 16:12:50,218|steel|INFO|created|image|SSP2-RCP26|2020|steel production, electric, low-alloyed|KOR|0.0|||
2025-07-21 16:12:50,218|steel|INFO|created|image|SSP2-RCP26|2020|steel production, electric, low-alloyed|ME|0.0|||
2025-07-21 16:12:50,218|steel|INFO|created|image|SSP2-RCP26|2020|steel production, electric, low-alloyed|MEX|0.0|||
2025-07-21 16:12:50,218|steel|INFO|created|image|SSP2-RCP26|2020|steel production, electric, low-alloyed|NAF|0.0|||
2025-07-21 16:12:50,218|steel|INFO|created|image|SSP2-RCP26|2020|steel production, electric, low-alloyed|OCE|0.0|||
2025-07-21 16:12:50,220|steel|INFO|created|image|SSP2-RCP26|2020|steel production, electric, low-alloyed|RCAM|0.0|||
2025-07-21 16:12:50,220|steel|INFO|created|image|SSP2-RCP26|2020|steel production, electric, low-alloyed|RSAF|0.0|||
2025-07-21 16:12:50,220|steel|INFO|created|image|SSP2-RCP26|2020|steel production, electric, low-alloyed|RSAM|0.0|||
2025-07-21 16:12:50,221|steel|INFO|created|image|SSP2-RCP26|2020|steel production, electric, low-alloyed|RSAS|0.0|||
2025-07-21 16:12:50,221|steel|INFO|created|image|SSP2-RCP26|2020|steel production, electric, low-alloyed|RUS|0.0|||
2025-07-21 16:12:50,221|steel|INFO|created|image|SSP2-RCP26|2020|steel production, electric, low-alloyed|SAF|0.0|||
2025-07-21 16:12:50,221|steel|INFO|created|image|SSP2-RCP26|2020|steel production, electric, low-alloyed|SEAS|0.0|||
2025-07-21 16:12:50,221|steel|INFO|created|image|SSP2-RCP26|2020|steel production, electric, low-alloyed|STAN|0.0|||
2025-07-21 16:12:50,221|steel|INFO|created|image|SSP2-RCP26|2020|steel production, electric, low-alloyed|TUR|0.0|||
2025-07-21 16:12:50,221|steel|INFO|created|image|SSP2-RCP26|2020|steel production, electric, low-alloyed|UKR|0.0|||
2025-07-21 16:12:50,221|steel|INFO|created|image|SSP2-RCP26|2020|steel production, electric, low-alloyed|USA|0.0|||
2025-07-21 16:12:50,221|steel|INFO|created|image|SSP2-RCP26|2020|steel production, electric, low-alloyed|WAF|0.0|||
2025-07-21 16:12:50,222|steel|INFO|created|image|SSP2-RCP26|2020|steel production, electric, low-alloyed|WEU|0.0|||
2025-07-21 16:12:50,222|steel|INFO|created|image|SSP2-RCP26|2020|steel production, electric, low-alloyed|World|0.0|||
2025-07-21 16:18:12,708|steel|INFO|empty|image|SSP2-RCP26|2025|pig iron production|RoW||||
2025-07-21 16:18:12,708|steel|INFO|empty|image|SSP2-RCP26|2025|pig iron production|IN||||
2025-07-21 16:18:12,715|steel|INFO|empty|image|SSP2-RCP26|2025|pig iron production|RER||||
2025-07-21 16:18:12,867|steel|INFO|created|image|SSP2-RCP26|2025|pig iron production|BRA|0.0|0.8384054108273008||
2025-07-21 16:18:12,867|steel|INFO|created|image|SSP2-RCP26|2025|pig iron production|CAN|0.0|0.9231988118143051||
2025-07-21 16:18:12,867|steel|INFO|created|image|SSP2-RCP26|2025|pig iron production|CEU|0.0|0.840668751801976||
2025-07-21 16:18:12,867|steel|INFO|created|image|SSP2-RCP26|2025|pig iron production|CHN|0.0|0.7338034297010567||
2025-07-21 16:18:12,867|steel|INFO|created|image|SSP2-RCP26|2025|pig iron production|EAF|0.0|||
2025-07-21 16:18:12,867|steel|INFO|created|image|SSP2-RCP26|2025|pig iron production|INDIA|0.0|1.0295715788492703||
2025-07-21 16:18:12,867|steel|INFO|created|image|SSP2-RCP26|2025|pig iron production|INDO|0.0012818971950604107|0.6524212075926216||
2025-07-21 16:18:12,867|steel|INFO|created|image|SSP2-RCP26|2025|pig iron production|JAP|0.0|0.974131281225952||
2025-07-21 16:18:12,867|steel|INFO|created|image|SSP2-RCP26|2025|pig iron production|KOR|0.0|0.8563831545285424||
2025-07-21 16:18:12,867|steel|INFO|created|image|SSP2-RCP26|2025|pig iron production|ME|0.0|||
2025-07-21 16:18:12,867|steel|INFO|created|image|SSP2-RCP26|2025|pig iron production|MEX|0.0|0.8677370067111012||
2025-07-21 16:18:12,867|steel|INFO|created|image|SSP2-RCP26|2025|pig iron production|NAF|0.0|0.9634777358549577||
2025-07-21 16:18:12,867|steel|INFO|created|image|SSP2-RCP26|2025|pig iron production|OCE|0.0|0.6573494066894571||
2025-07-21 16:18:12,867|steel|INFO|created|image|SSP2-RCP26|2025|pig iron production|RCAM|0.0|0.7889223038258725||
2025-07-21 16:18:12,867|steel|INFO|created|image|SSP2-RCP26|2025|pig iron production|RSAF|0.0|0.6524212075926216||
2025-07-21 16:18:12,867|steel|INFO|created|image|SSP2-RCP26|2025|pig iron production|RSAM|0.0|0.7815510332915189||
2025-07-21 16:18:12,867|steel|INFO|created|image|SSP2-RCP26|2025|pig iron production|RSAS|0.008699175859720883|0.8963989846805412||
2025-07-21 16:18:12,867|steel|INFO|created|image|SSP2-RCP26|2025|pig iron production|RUS|0.0018035957814567475|0.736343400323087||
2025-07-21 16:18:12,867|steel|INFO|created|image|SSP2-RCP26|2025|pig iron production|SAF|0.0016687334538286207|0.7994673101833641||
2025-07-21 16:18:12,867|steel|INFO|created|image|SSP2-RCP26|2025|pig iron production|SEAS|0.001679791782954556|0.9205300621305269||
2025-07-21 16:18:12,867|steel|INFO|created|image|SSP2-RCP26|2025|pig iron production|STAN|0.0022188658812534933|0.6524212075926216||
2025-07-21 16:18:12,867|steel|INFO|created|image|SSP2-RCP26|2025|pig iron production|TUR|0.0|0.7908033775226937||
2025-07-21 16:18:12,867|steel|INFO|created|image|SSP2-RCP26|2025|pig iron production|UKR|0.0|0.7348955799221474||
2025-07-21 16:18:12,867|steel|INFO|created|image|SSP2-RCP26|2025|pig iron production|USA|0.0|0.9404099656314977||
2025-07-21 16:18:12,867|steel|INFO|created|image|SSP2-RCP26|2025|pig iron production|WAF|0.0|0.6524212075926216||
2025-07-21 16:18:12,867|steel|INFO|created|image|SSP2-RCP26|2025|pig iron production|WEU|0.0|0.8358527309479608||
2025-07-21 16:18:12,867|steel|INFO|created|image|SSP2-RCP26|2025|pig iron production|World|0.0|||
2025-07-21 16:18:13,426|steel|INFO|empty|image|SSP2-RCP26|2025|market for pig iron|RoW||||
2025-07-21 16:18:13,426|steel|INFO|empty|image|SSP2-RCP26|2025|market for pig iron|RER||||
2025-07-21 16:18:13,445|steel|INFO|created|image|SSP2-RCP26|2025|market for pig iron|BRA||||
2025-07-21 16:18:13,445|steel|INFO|created|image|SSP2-RCP26|2025|market for pig iron|CAN||||
2025-07-21 16:18:13,445|steel|INFO|created|image|SSP2-RCP26|2025|market for pig iron|CEU||||
2025-07-21 16:18:13,445|steel|INFO|created|image|SSP2-RCP26|2025|market for pig iron|CHN||||
2025-07-21 16:18:13,445|steel|INFO|created|image|SSP2-RCP26|2025|market for pig iron|EAF||||
2025-07-21 16:18:13,445|steel|INFO|created|image|SSP2-RCP26|2025|market for pig iron|INDIA||||
2025-07-21 16:18:13,445|steel|INFO|created|image|SSP2-RCP26|2025|market for pig iron|INDO||||
2025-07-21 16:18:13,445|steel|INFO|created|image|SSP2-RCP26|2025|market for pig iron|JAP||||
2025-07-21 16:18:13,445|steel|INFO|created|image|SSP2-RCP26|2025|market for pig iron|KOR||||
2025-07-21 16:18:13,445|steel|INFO|created|image|SSP2-RCP26|2025|market for pig iron|ME||||
2025-07-21 16:18:13,445|steel|INFO|created|image|SSP2-RCP26|2025|market for pig iron|MEX||||
2025-07-21 16:18:13,445|steel|INFO|created|image|SSP2-RCP26|2025|market for pig iron|NAF||||
2025-07-21 16:18:13,445|steel|INFO|created|image|SSP2-RCP26|2025|market for pig iron|OCE||||
2025-07-21 16:18:13,445|steel|INFO|created|image|SSP2-RCP26|2025|market for pig iron|RCAM||||
2025-07-21 16:18:13,445|steel|INFO|created|image|SSP2-RCP26|2025|market for pig iron|RSAF||||
2025-07-21 16:18:13,445|steel|INFO|created|image|SSP2-RCP26|2025|market for pig iron|RSAM||||
2025-07-21 16:18:13,445|steel|INFO|created|image|SSP2-RCP26|2025|market for pig iron|RSAS||||
2025-07-21 16:18:13,445|steel|INFO|created|image|SSP2-RCP26|2025|market for pig iron|RUS||||
2025-07-21 16:18:13,445|steel|INFO|created|image|SSP2-RCP26|2025|market for pig iron|SAF||||
2025-07-21 16:18:13,445|steel|INFO|created|image|SSP2-RCP26|2025|market for pig iron|SEAS||||
2025-07-21 16:18:13,445|steel|INFO|created|image|SSP2-RCP26|2025|market for pig iron|STAN||||
2025-07-21 16:18:13,445|steel|INFO|created|image|SSP2-RCP26|2025|market for pig iron|TUR||||
2025-07-21 16:18:13,445|steel|INFO|created|image|SSP2-RCP26|2025|market for pig iron|UKR||||
2025-07-21 16:18:13,445|steel|INFO|created|image|SSP2-RCP26|2025|market for pig iron|USA||||
2025-07-21 16:18:13,445|steel|INFO|created|image|SSP2-RCP26|2025|market for pig iron|WAF||||
2025-07-21 16:18:13,445|steel|INFO|created|image|SSP2-RCP26|2025|market for pig iron|WEU||||
2025-07-21 16:18:13,445|steel|INFO|created|image|SSP2-RCP26|2025|market for pig iron|World||||
2025-07-21 16:18:14,060|steel|INFO|empty|image|SSP2-RCP26|2025|market for steel, low-alloyed|GLO||||
2025-07-21 16:18:14,255|steel|INFO|created|image|SSP2-RCP26|2025|market for steel, low-alloyed|BRA|||0.7517179055998909|0.24828209440010907
2025-07-21 16:18:14,255|steel|INFO|created|image|SSP2-RCP26|2025|market for steel, low-alloyed|CAN|||0.4511281023468782|0.5488718976531217
2025-07-21 16:18:14,255|steel|INFO|created|image|SSP2-RCP26|2025|market for steel, low-alloyed|CEU|||0.43023869480405763|0.5697613051959424
2025-07-21 16:18:14,255|steel|INFO|created|image|SSP2-RCP26|2025|market for steel, low-alloyed|CHN|||0.8845106679536453|0.1154893320463547
2025-07-21 16:18:14,255|steel|INFO|created|image|SSP2-RCP26|2025|market for steel, low-alloyed|EAF|||0.9687681432648323|0.031231856735167707
2025-07-21 16:18:14,255|steel|INFO|created|image|SSP2-RCP26|2025|market for steel, low-alloyed|INDIA|||0.8947282093109941|0.10527179068900594
2025-07-21 16:18:14,255|steel|INFO|created|image|SSP2-RCP26|2025|market for steel, low-alloyed|INDO|||0.519120310531479|0.480879689468521
2025-07-21 16:18:14,255|steel|INFO|created|image|SSP2-RCP26|2025|market for steel, low-alloyed|JAP|||0.7445468427205723|0.25545315727942774
2025-07-21 16:18:14,255|steel|INFO|created|image|SSP2-RCP26|2025|market for steel, low-alloyed|KOR|||0.6650043734718935|0.33499562652810655
2025-07-21 16:18:14,255|steel|INFO|created|image|SSP2-RCP26|2025|market for steel, low-alloyed|ME|||0.5919308938530046|0.40806910614699543
2025-07-21 16:18:14,255|steel|INFO|created|image|SSP2-RCP26|2025|market for steel, low-alloyed|MEX|||0.48381199399976316|0.5161880060002368
2025-07-21 16:18:14,255|steel|INFO|created|image|SSP2-RCP26|2025|market for steel, low-alloyed|NAF|||0.583668513092125|0.416331486907875
2025-07-21 16:18:14,255|steel|INFO|created|image|SSP2-RCP26|2025|market for steel, low-alloyed|OCE|||0.7457595788033469|0.25424042119665313
2025-07-21 16:18:14,255|steel|INFO|created|image|SSP2-RCP26|2025|market for steel, low-alloyed|RCAM|||0.44731675594096826|0.5526832440590317
2025-07-21 16:18:14,255|steel|INFO|created|image|SSP2-RCP26|2025|market for steel, low-alloyed|RSAF|||0.3159288835516465|0.6840711164483535
2025-07-21 16:18:14,255|steel|INFO|created|image|SSP2-RCP26|2025|market for steel, low-alloyed|RSAM|||0.5176951052061832|0.4823048947938168
2025-07-21 16:18:14,255|steel|INFO|created|image|SSP2-RCP26|2025|market for steel, low-alloyed|RSAS|||0.8831685264186644|0.11683147358133561
2025-07-21 16:18:14,255|steel|INFO|created|image|SSP2-RCP26|2025|market for steel, low-alloyed|RUS|||0.7189772636832709|0.28102273631672914
2025-07-21 16:18:14,255|steel|INFO|created|image|SSP2-RCP26|2025|market for steel, low-alloyed|SAF|||0.6497806243476115|0.3502193756523885
2025-07-21 16:18:14,255|steel|INFO|created|image|SSP2-RCP26|2025|market for steel, low-alloyed|SEAS|||0.5110132776420225|0.48898672235797747
2025-07-21 16:18:14,255|steel|INFO|created|image|SSP2-RCP26|2025|market for steel, low-alloyed|STAN|||0.7039514696948107|0.2960485303051893
2025-07-21 16:18:14,255|steel|INFO|created|image|SSP2-RCP26|2025|market for steel, low-alloyed|TUR|||0.7574122601867763|0.24258773981322368
2025-07-21 16:18:14,255|steel|INFO|created|image|SSP2-RCP26|2025|market for steel, low-alloyed|UKR|||0.7993885771452148|0.20061142285478517
2025-07-21 16:18:14,255|steel|INFO|created|image|SSP2-RCP26|2025|market for steel, low-alloyed|USA|||0.4497165549813174|0.5502834450186826
2025-07-21 16:18:14,255|steel|INFO|created|image|SSP2-RCP26|2025|market for steel, low-alloyed|WAF|||0.2943256200240522|0.7056743799759477
2025-07-21 16:18:14,255|steel|INFO|created|image|SSP2-RCP26|2025|market for steel, low-alloyed|WEU|||0.5394769324214184|0.46052306757858164
2025-07-21 16:18:14,255|steel|INFO|created|image|SSP2-RCP26|2025|market for steel, low-alloyed|World||||
2025-07-21 16:18:14,885|steel|INFO|empty|image|SSP2-RCP26|2025|market for steel, unalloyed|GLO||||
2025-07-21 16:18:14,926|steel|INFO|created|image|SSP2-RCP26|2025|market for steel, unalloyed|BRA||||
2025-07-21 16:18:14,935|steel|INFO|created|image|SSP2-RCP26|2025|market for steel, unalloyed|CAN||||
2025-07-21 16:18:14,935|steel|INFO|created|image|SSP2-RCP26|2025|market for steel, unalloyed|CEU||||
2025-07-21 16:18:14,935|steel|INFO|created|image|SSP2-RCP26|2025|market for steel, unalloyed|CHN||||
2025-07-21 16:18:14,935|steel|INFO|created|image|SSP2-RCP26|2025|market for steel, unalloyed|EAF||||
2025-07-21 16:18:14,935|steel|INFO|created|image|SSP2-RCP26|2025|market for steel, unalloyed|INDIA||||
2025-07-21 16:18:14,935|steel|INFO|created|image|SSP2-RCP26|2025|market for steel, unalloyed|INDO||||
2025-07-21 16:18:14,935|steel|INFO|created|image|SSP2-RCP26|2025|market for steel, unalloyed|JAP||||
2025-07-21 16:18:14,935|steel|INFO|created|image|SSP2-RCP26|2025|market for steel, unalloyed|KOR||||
2025-07-21 16:18:14,935|steel|INFO|created|image|SSP2-RCP26|2025|market for steel, unalloyed|ME||||
2025-07-21 16:18:14,935|steel|INFO|created|image|SSP2-RCP26|2025|market for steel, unalloyed|MEX||||
2025-07-21 16:18:14,935|steel|INFO|created|image|SSP2-RCP26|2025|market for steel, unalloyed|NAF||||
2025-07-21 16:18:14,935|steel|INFO|created|image|SSP2-RCP26|2025|market for steel, unalloyed|OCE||||
2025-07-21 16:18:14,935|steel|INFO|created|image|SSP2-RCP26|2025|market for steel, unalloyed|RCAM||||
2025-07-21 16:18:14,935|steel|INFO|created|image|SSP2-RCP26|2025|market for steel, unalloyed|RSAF||||
2025-07-21 16:18:14,935|steel|INFO|created|image|SSP2-RCP26|2025|market for steel, unalloyed|RSAM||||
2025-07-21 16:18:14,935|steel|INFO|created|image|SSP2-RCP26|2025|market for steel, unalloyed|RSAS||||
2025-07-21 16:18:14,935|steel|INFO|created|image|SSP2-RCP26|2025|market for steel, unalloyed|RUS||||
2025-07-21 16:18:14,935|steel|INFO|created|image|SSP2-RCP26|2025|market for steel, unalloyed|SAF||||
2025-07-21 16:18:14,935|steel|INFO|created|image|SSP2-RCP26|2025|market for steel, unalloyed|SEAS||||
2025-07-21 16:18:14,935|steel|INFO|created|image|SSP2-RCP26|2025|market for steel, unalloyed|STAN||||
2025-07-21 16:18:14,935|steel|INFO|created|image|SSP2-RCP26|2025|market for steel, unalloyed|TUR||||
2025-07-21 16:18:14,936|steel|INFO|created|image|SSP2-RCP26|2025|market for steel, unalloyed|UKR||||
2025-07-21 16:18:14,936|steel|INFO|created|image|SSP2-RCP26|2025|market for steel, unalloyed|USA||||
2025-07-21 16:18:14,936|steel|INFO|created|image|SSP2-RCP26|2025|market for steel, unalloyed|WAF||||
2025-07-21 16:18:14,936|steel|INFO|created|image|SSP2-RCP26|2025|market for steel, unalloyed|WEU||||
2025-07-21 16:18:14,936|steel|INFO|created|image|SSP2-RCP26|2025|market for steel, unalloyed|World||||
2025-07-21 16:18:15,486|steel|INFO|empty|image|SSP2-RCP26|2025|market for steel, chromium steel 18/8|GLO||||
2025-07-21 16:18:15,560|steel|INFO|created|image|SSP2-RCP26|2025|market for steel, chromium steel 18/8|BRA||||
2025-07-21 16:18:15,560|steel|INFO|created|image|SSP2-RCP26|2025|market for steel, chromium steel 18/8|CAN||||
2025-07-21 16:18:15,560|steel|INFO|created|image|SSP2-RCP26|2025|market for steel, chromium steel 18/8|CEU||||
2025-07-21 16:18:15,560|steel|INFO|created|image|SSP2-RCP26|2025|market for steel, chromium steel 18/8|CHN||||
2025-07-21 16:18:15,560|steel|INFO|created|image|SSP2-RCP26|2025|market for steel, chromium steel 18/8|EAF||||
2025-07-21 16:18:15,560|steel|INFO|created|image|SSP2-RCP26|2025|market for steel, chromium steel 18/8|INDIA||||
2025-07-21 16:18:15,560|steel|INFO|created|image|SSP2-RCP26|2025|market for steel, chromium steel 18/8|INDO||||
2025-07-21 16:18:15,560|steel|INFO|created|image|SSP2-RCP26|2025|market for steel, chromium steel 18/8|JAP||||
2025-07-21 16:18:15,560|steel|INFO|created|image|SSP2-RCP26|2025|market for steel, chromium steel 18/8|KOR||||
2025-07-21 16:18:15,560|steel|INFO|created|image|SSP2-RCP26|2025|market for steel, chromium steel 18/8|ME||||
2025-07-21 16:18:15,560|steel|INFO|created|image|SSP2-RCP26|2025|market for steel, chromium steel 18/8|MEX||||
2025-07-21 16:18:15,560|steel|INFO|created|image|SSP2-RCP26|2025|market for steel, chromium steel 18/8|NAF||||
2025-07-21 16:18:15,560|steel|INFO|created|image|SSP2-RCP26|2025|market for steel, chromium steel 18/8|OCE||||
2025-07-21 16:18:15,560|steel|INFO|created|image|SSP2-RCP26|2025|market for steel, chromium steel 18/8|RCAM||||
2025-07-21 16:18:15,560|steel|INFO|created|image|SSP2-RCP26|2025|market for steel, chromium steel 18/8|RSAF||||
2025-07-21 16:18:15,560|steel|INFO|created|image|SSP2-RCP26|2025|market for steel, chromium steel 18/8|RSAM||||
2025-07-21 16:18:15,560|steel|INFO|created|image|SSP2-RCP26|2025|market for steel, chromium steel 18/8|RSAS||||
2025-07-21 16:18:15,560|steel|INFO|created|image|SSP2-RCP26|2025|market for steel, chromium steel 18/8|RUS||||
2025-07-21 16:18:15,560|steel|INFO|created|image|SSP2-RCP26|2025|market for steel, chromium steel 18/8|SAF||||
2025-07-21 16:18:15,560|steel|INFO|created|image|SSP2-RCP26|2025|market for steel, chromium steel 18/8|SEAS||||
2025-07-21 16:18:15,560|steel|INFO|created|image|SSP2-RCP26|2025|market for steel, chromium steel 18/8|STAN||||
2025-07-21 16:18:15,560|steel|INFO|created|image|SSP2-RCP26|2025|market for steel, chromium steel 18/8|TUR||||
2025-07-21 16:18:15,560|steel|INFO|created|image|SSP2-RCP26|2025|market for steel, chromium steel 18/8|UKR||||
2025-07-21 16:18:15,560|steel|INFO|created|image|SSP2-RCP26|2025|market for steel, chromium steel 18/8|USA||||
2025-07-21 16:18:15,560|steel|INFO|created|image|SSP2-RCP26|2025|market for steel, chromium steel 18/8|WAF||||
2025-07-21 16:18:15,560|steel|INFO|created|image|SSP2-RCP26|2025|market for steel, chromium steel 18/8|WEU||||
2025-07-21 16:18:15,560|steel|INFO|created|image|SSP2-RCP26|2025|market for steel, chromium steel 18/8|World||||
2025-07-21 16:18:16,244|steel|INFO|empty|image|SSP2-RCP26|2025|steel production, converter, low-alloyed|IN||||
2025-07-21 16:18:16,319|steel|INFO|empty|image|SSP2-RCP26|2025|steel production, converter, low-alloyed|RoW||||
2025-07-21 16:18:16,325|steel|INFO|empty|image|SSP2-RCP26|2025|steel production, converter, low-alloyed|RER||||
2025-07-21 16:18:16,966|steel|INFO|empty|image|SSP2-RCP26|2025|steel production, converter, unalloyed|RER||||
2025-07-21 16:18:17,025|steel|INFO|empty|image|SSP2-RCP26|2025|steel production, converter, unalloyed|RoW||||
2025-07-21 16:18:17,815|steel|INFO|empty|image|SSP2-RCP26|2025|steel production, electric, chromium steel 18/8|RoW||||
2025-07-21 16:18:17,819|steel|INFO|empty|image|SSP2-RCP26|2025|steel production, electric, chromium steel 18/8|RER||||
2025-07-21 16:18:18,609|steel|INFO|empty|image|SSP2-RCP26|2025|steel production, electric, low-alloyed|CH||||
2025-07-21 16:18:18,609|steel|INFO|empty|image|SSP2-RCP26|2025|steel production, electric, low-alloyed|IN||||
2025-07-21 16:18:18,616|steel|INFO|empty|image|SSP2-RCP26|2025|steel production, electric, low-alloyed|Europe without Switzerland and Austria||||
2025-07-21 16:18:18,617|steel|INFO|empty|image|SSP2-RCP26|2025|steel production, electric, low-alloyed|CA-QC||||
2025-07-21 16:18:18,657|steel|INFO|empty|image|SSP2-RCP26|2025|steel production, electric, low-alloyed|RoW||||
2025-07-21 16:18:18,665|steel|INFO|empty|image|SSP2-RCP26|2025|steel production, electric, low-alloyed|AT||||
2025-07-21 16:18:18,816|steel|INFO|created|image|SSP2-RCP26|2025|steel production, converter, low-alloyed|BRA|0.0|0.8384054108273008||
2025-07-21 16:18:18,816|steel|INFO|created|image|SSP2-RCP26|2025|steel production, converter, low-alloyed|CAN|0.0|0.9231988118143051||
2025-07-21 16:18:18,816|steel|INFO|created|image|SSP2-RCP26|2025|steel production, converter, low-alloyed|CEU|0.0|0.840668751801976||
2025-07-21 16:18:18,816|steel|INFO|created|image|SSP2-RCP26|2025|steel production, converter, low-alloyed|CHN|0.0|0.7338034297010567||
2025-07-21 16:18:18,816|steel|INFO|created|image|SSP2-RCP26|2025|steel production, converter, low-alloyed|EAF|0.0|||
2025-07-21 16:18:18,816|steel|INFO|created|image|SSP2-RCP26|2025|steel production, converter, low-alloyed|INDIA|0.0|0.7336162511942714||
2025-07-21 16:18:18,816|steel|INFO|created|image|SSP2-RCP26|2025|steel production, converter, low-alloyed|INDO|0.0012818971950604107|0.5395927506966103||
2025-07-21 16:18:18,816|steel|INFO|created|image|SSP2-RCP26|2025|steel production, converter, low-alloyed|JAP|0.0|0.974131281225952||
2025-07-21 16:18:18,816|steel|INFO|created|image|SSP2-RCP26|2025|steel production, converter, low-alloyed|KOR|0.0|0.8563831545285424||
2025-07-21 16:18:18,816|steel|INFO|created|image|SSP2-RCP26|2025|steel production, converter, low-alloyed|ME|0.0|||
2025-07-21 16:18:18,816|steel|INFO|created|image|SSP2-RCP26|2025|steel production, converter, low-alloyed|MEX|0.0|0.8677370067111012||
2025-07-21 16:18:18,817|steel|INFO|created|image|SSP2-RCP26|2025|steel production, converter, low-alloyed|NAF|0.0|0.9634777358549577||
2025-07-21 16:18:18,817|steel|INFO|created|image|SSP2-RCP26|2025|steel production, converter, low-alloyed|OCE|0.0|0.6573494066894571||
2025-07-21 16:18:18,817|steel|INFO|created|image|SSP2-RCP26|2025|steel production, converter, low-alloyed|RCAM|0.0|0.7889223038258725||
2025-07-21 16:18:18,817|steel|INFO|created|image|SSP2-RCP26|2025|steel production, converter, low-alloyed|RSAF|0.0|0.4880452366726064||
2025-07-21 16:18:18,817|steel|INFO|created|image|SSP2-RCP26|2025|steel production, converter, low-alloyed|RSAM|0.0|0.7815510332915189||
2025-07-21 16:18:18,817|steel|INFO|created|image|SSP2-RCP26|2025|steel production, converter, low-alloyed|RSAS|0.008699175859720883|0.8963989846805412||
2025-07-21 16:18:18,817|steel|INFO|created|image|SSP2-RCP26|2025|steel production, converter, low-alloyed|RUS|0.0018035957814567475|0.736343400323087||
2025-07-21 16:18:18,817|steel|INFO|created|image|SSP2-RCP26|2025|steel production, converter, low-alloyed|SAF|0.0016687334538286207|0.7994673101833641||
2025-07-21 16:18:18,817|steel|INFO|created|image|SSP2-RCP26|2025|steel production, converter, low-alloyed|SEAS|0.001679791782954556|0.9205300621305269||
2025-07-21 16:18:18,817|steel|INFO|created|image|SSP2-RCP26|2025|steel production, converter, low-alloyed|STAN|0.0022188658812534933|0.6013913108198761||
2025-07-21 16:18:18,817|steel|INFO|created|image|SSP2-RCP26|2025|steel production, converter, low-alloyed|TUR|0.0|0.7908033775226937||
2025-07-21 16:18:18,817|steel|INFO|created|image|SSP2-RCP26|2025|steel production, converter, low-alloyed|UKR|0.0|0.7348955799221474||
2025-07-21 16:18:18,817|steel|INFO|created|image|SSP2-RCP26|2025|steel production, converter, low-alloyed|USA|0.0|0.9404099656314977||
2025-07-21 16:18:18,817|steel|INFO|created|image|SSP2-RCP26|2025|steel production, converter, low-alloyed|WAF|0.0|0.47315283151153253||
2025-07-21 16:18:18,820|steel|INFO|created|image|SSP2-RCP26|2025|steel production, converter, low-alloyed|WEU|0.0|0.8358527309479608||
2025-07-21 16:18:18,820|steel|INFO|created|image|SSP2-RCP26|2025|steel production, converter, low-alloyed|World|0.0|||
2025-07-21 16:18:18,957|steel|INFO|created|image|SSP2-RCP26|2025|steel production, converter, unalloyed|BRA|0.0|0.8384054108273008||
2025-07-21 16:18:18,957|steel|INFO|created|image|SSP2-RCP26|2025|steel production, converter, unalloyed|CAN|0.0|0.9231988118143051||
2025-07-21 16:18:18,957|steel|INFO|created|image|SSP2-RCP26|2025|steel production, converter, unalloyed|CEU|0.0|0.840668751801976||
2025-07-21 16:18:18,957|steel|INFO|created|image|SSP2-RCP26|2025|steel production, converter, unalloyed|CHN|0.0|0.7338034297010567||
2025-07-21 16:18:18,957|steel|INFO|created|image|SSP2-RCP26|2025|steel production, converter, unalloyed|EAF|0.0|||
2025-07-21 16:18:18,957|steel|INFO|created|image|SSP2-RCP26|2025|steel production, converter, unalloyed|INDIA|0.0|0.7336162511942714||
2025-07-21 16:18:18,957|steel|INFO|created|image|SSP2-RCP26|2025|steel production, converter, unalloyed|INDO|0.0012818971950604107|0.5395927506966103||
2025-07-21 16:18:18,957|steel|INFO|created|image|SSP2-RCP26|2025|steel production, converter, unalloyed|JAP|0.0|0.974131281225952||
2025-07-21 16:18:18,957|steel|INFO|created|image|SSP2-RCP26|2025|steel production, converter, unalloyed|KOR|0.0|0.8563831545285424||
2025-07-21 16:18:18,957|steel|INFO|created|image|SSP2-RCP26|2025|steel production, converter, unalloyed|ME|0.0|||
2025-07-21 16:18:18,957|steel|INFO|created|image|SSP2-RCP26|2025|steel production, converter, unalloyed|MEX|0.0|0.8677370067111012||
2025-07-21 16:18:18,957|steel|INFO|created|image|SSP2-RCP26|2025|steel production, converter, unalloyed|NAF|0.0|0.9634777358549577||
2025-07-21 16:18:18,957|steel|INFO|created|image|SSP2-RCP26|2025|steel production, converter, unalloyed|OCE|0.0|0.6573494066894571||
2025-07-21 16:18:18,957|steel|INFO|created|image|SSP2-RCP26|2025|steel production, converter, unalloyed|RCAM|0.0|0.7889223038258725||
2025-07-21 16:18:18,957|steel|INFO|created|image|SSP2-RCP26|2025|steel production, converter, unalloyed|RSAF|0.0|0.4880452366726064||
2025-07-21 16:18:18,957|steel|INFO|created|image|SSP2-RCP26|2025|steel production, converter, unalloyed|RSAM|0.0|0.7815510332915189||
2025-07-21 16:18:18,957|steel|INFO|created|image|SSP2-RCP26|2025|steel production, converter, unalloyed|RSAS|0.008699175859720883|0.8963989846805412||
2025-07-21 16:18:18,957|steel|INFO|created|image|SSP2-RCP26|2025|steel production, converter, unalloyed|RUS|0.0018035957814567475|0.736343400323087||
2025-07-21 16:18:18,957|steel|INFO|created|image|SSP2-RCP26|2025|steel production, converter, unalloyed|SAF|0.0016687334538286207|0.7994673101833641||
2025-07-21 16:18:18,957|steel|INFO|created|image|SSP2-RCP26|2025|steel production, converter, unalloyed|SEAS|0.001679791782954556|0.9205300621305269||
2025-07-21 16:18:18,957|steel|INFO|created|image|SSP2-RCP26|2025|steel production, converter, unalloyed|STAN|0.0022188658812534933|0.6013913108198761||
2025-07-21 16:18:18,957|steel|INFO|created|image|SSP2-RCP26|2025|steel production, converter, unalloyed|TUR|0.0|0.7908033775226937||
2025-07-21 16:18:18,957|steel|INFO|created|image|SSP2-RCP26|2025|steel production, converter, unalloyed|UKR|0.0|0.7348955799221474||
2025-07-21 16:18:18,957|steel|INFO|created|image|SSP2-RCP26|2025|steel production, converter, unalloyed|USA|0.0|0.9404099656314977||
2025-07-21 16:18:18,957|steel|INFO|created|image|SSP2-RCP26|2025|steel production, converter, unalloyed|WAF|0.0|0.47315283151153253||
2025-07-21 16:18:18,957|steel|INFO|created|image|SSP2-RCP26|2025|steel production, converter, unalloyed|WEU|0.0|0.8358527309479608||
2025-07-21 16:18:18,957|steel|INFO|created|image|SSP2-RCP26|2025|steel production, converter, unalloyed|World|0.0|||
2025-07-21 16:18:19,120|steel|INFO|created|image|SSP2-RCP26|2025|steel production, electric, chromium steel 18/8|BRA|0.0|0.7424706533162562||
2025-07-21 16:18:19,120|steel|INFO|created|image|SSP2-RCP26|2025|steel production, electric, chromium steel 18/8|CAN|0.0|0.9045361513744629||
2025-07-21 16:18:19,122|steel|INFO|created|image|SSP2-RCP26|2025|steel production, electric, chromium steel 18/8|CEU|0.0|0.9490496940200644||
2025-07-21 16:18:19,122|steel|INFO|created|image|SSP2-RCP26|2025|steel production, electric, chromium steel 18/8|CHN|0.0|0.924748148890163||
2025-07-21 16:18:19,122|steel|INFO|created|image|SSP2-RCP26|2025|steel production, electric, chromium steel 18/8|EAF|0.0|||
2025-07-21 16:18:19,122|steel|INFO|created|image|SSP2-RCP26|2025|steel production, electric, chromium steel 18/8|INDIA|0.0|0.7104||
2025-07-21 16:18:19,122|steel|INFO|created|image|SSP2-RCP26|2025|steel production, electric, chromium steel 18/8|INDO|0.0012818971950604107|||
2025-07-21 16:18:19,122|steel|INFO|created|image|SSP2-RCP26|2025|steel production, electric, chromium steel 18/8|JAP|0.0|0.959978167072676||
2025-07-21 16:18:19,122|steel|INFO|created|image|SSP2-RCP26|2025|steel production, electric, chromium steel 18/8|KOR|0.0|||
2025-07-21 16:18:19,122|steel|INFO|created|image|SSP2-RCP26|2025|steel production, electric, chromium steel 18/8|ME|0.0|||
2025-07-21 16:18:19,122|steel|INFO|created|image|SSP2-RCP26|2025|steel production, electric, chromium steel 18/8|MEX|0.0|0.870741233570603||
2025-07-21 16:18:19,122|steel|INFO|created|image|SSP2-RCP26|2025|steel production, electric, chromium steel 18/8|NAF|0.0|0.9823016253905006||
2025-07-21 16:18:19,122|steel|INFO|created|image|SSP2-RCP26|2025|steel production, electric, chromium steel 18/8|OCE|0.0|0.7104||
2025-07-21 16:18:19,122|steel|INFO|created|image|SSP2-RCP26|2025|steel production, electric, chromium steel 18/8|RCAM|0.0|0.9115957028190456||
2025-07-21 16:18:19,122|steel|INFO|created|image|SSP2-RCP26|2025|steel production, electric, chromium steel 18/8|RSAF|0.0|0.8779697106860357||
2025-07-21 16:18:19,122|steel|INFO|created|image|SSP2-RCP26|2025|steel production, electric, chromium steel 18/8|RSAM|0.0|0.7104||
2025-07-21 16:18:19,122|steel|INFO|created|image|SSP2-RCP26|2025|steel production, electric, chromium steel 18/8|RSAS|0.008699175859720883|||
2025-07-21 16:18:19,122|steel|INFO|created|image|SSP2-RCP26|2025|steel production, electric, chromium steel 18/8|RUS|0.0018035957814567475|||
2025-07-21 16:18:19,122|steel|INFO|created|image|SSP2-RCP26|2025|steel production, electric, chromium steel 18/8|SAF|0.0016687334538286207|0.9353499200036598||
2025-07-21 16:18:19,122|steel|INFO|created|image|SSP2-RCP26|2025|steel production, electric, chromium steel 18/8|SEAS|0.001679791782954556|0.9435918567013384||
2025-07-21 16:18:19,122|steel|INFO|created|image|SSP2-RCP26|2025|steel production, electric, chromium steel 18/8|STAN|0.0022188658812534933|0.8681870804823889||
2025-07-21 16:18:19,122|steel|INFO|created|image|SSP2-RCP26|2025|steel production, electric, chromium steel 18/8|TUR|0.0|0.8492509949585236||
2025-07-21 16:18:19,122|steel|INFO|created|image|SSP2-RCP26|2025|steel production, electric, chromium steel 18/8|UKR|0.0|0.8491310029364633||
2025-07-21 16:18:19,122|steel|INFO|created|image|SSP2-RCP26|2025|steel production, electric, chromium steel 18/8|USA|0.0|0.8693231443501096||
2025-07-21 16:18:19,122|steel|INFO|created|image|SSP2-RCP26|2025|steel production, electric, chromium steel 18/8|WAF|0.0|0.8506911830544484||
2025-07-21 16:18:19,122|steel|INFO|created|image|SSP2-RCP26|2025|steel production, electric, chromium steel 18/8|WEU|0.0|0.8820911450916925||
2025-07-21 16:18:19,122|steel|INFO|created|image|SSP2-RCP26|2025|steel production, electric, chromium steel 18/8|World|0.0|||
2025-07-21 16:18:19,256|steel|INFO|created|image|SSP2-RCP26|2025|steel production, electric, low-alloyed|BRA|0.0|0.8917850410938688||
2025-07-21 16:18:19,256|steel|INFO|created|image|SSP2-RCP26|2025|steel production, electric, low-alloyed|CAN|0.0|0.9045361513744629||
2025-07-21 16:18:19,256|steel|INFO|created|image|SSP2-RCP26|2025|steel production, electric, low-alloyed|CEU|0.0|0.9490496940200644||
2025-07-21 16:18:19,256|steel|INFO|created|image|SSP2-RCP26|2025|steel production, electric, low-alloyed|CHN|0.0|0.924748148890163||
2025-07-21 16:18:19,256|steel|INFO|created|image|SSP2-RCP26|2025|steel production, electric, low-alloyed|EAF|0.0|||
2025-07-21 16:18:19,256|steel|INFO|created|image|SSP2-RCP26|2025|steel production, electric, low-alloyed|INDIA|0.0|1.129483591961333||
2025-07-21 16:18:19,256|steel|INFO|created|image|SSP2-RCP26|2025|steel production, electric, low-alloyed|INDO|0.0011537074755543697|||
2025-07-21 16:18:19,258|steel|INFO|created|image|SSP2-RCP26|2025|steel production, electric, low-alloyed|JAP|0.0|0.959978167072676||
2025-07-21 16:18:19,258|steel|INFO|created|image|SSP2-RCP26|2025|steel production, electric, low-alloyed|KOR|0.0|||
2025-07-21 16:18:19,258|steel|INFO|created|image|SSP2-RCP26|2025|steel production, electric, low-alloyed|ME|0.0|||
2025-07-21 16:18:19,258|steel|INFO|created|image|SSP2-RCP26|2025|steel production, electric, low-alloyed|MEX|0.0|0.8917850410938688||
2025-07-21 16:18:19,258|steel|INFO|created|image|SSP2-RCP26|2025|steel production, electric, low-alloyed|NAF|0.0|0.9823016253905006||
2025-07-21 16:18:19,258|steel|INFO|created|image|SSP2-RCP26|2025|steel production, electric, low-alloyed|OCE|0.0|0.8917850410938688||
2025-07-21 16:18:19,258|steel|INFO|created|image|SSP2-RCP26|2025|steel production, electric, low-alloyed|RCAM|0.0|0.9115957028190456||
2025-07-21 16:18:19,259|steel|INFO|created|image|SSP2-RCP26|2025|steel production, electric, low-alloyed|RSAF|0.0|0.8917850410938688||
2025-07-21 16:18:19,259|steel|INFO|created|image|SSP2-RCP26|2025|steel production, electric, low-alloyed|RSAM|0.0|0.8917850410938688||
2025-07-21 16:18:19,259|steel|INFO|created|image|SSP2-RCP26|2025|steel production, electric, low-alloyed|RSAS|0.007829258273748795|||
2025-07-21 16:18:19,259|steel|INFO|created|image|SSP2-RCP26|2025|steel production, electric, low-alloyed|RUS|0.0016232362033110727|||
2025-07-21 16:18:19,259|steel|INFO|created|image|SSP2-RCP26|2025|steel production, electric, low-alloyed|SAF|0.0015018601084457587|0.9353499200036598||
2025-07-21 16:18:19,259|steel|INFO|created|image|SSP2-RCP26|2025|steel production, electric, low-alloyed|SEAS|0.0015118126046591003|0.9435918567013384||
2025-07-21 16:18:19,259|steel|INFO|created|image|SSP2-RCP26|2025|steel production, electric, low-alloyed|STAN|0.001996979293128144|0.8917850410938688||
2025-07-21 16:18:19,259|steel|INFO|created|image|SSP2-RCP26|2025|steel production, electric, low-alloyed|TUR|0.0|0.8917850410938688||
2025-07-21 16:18:19,259|steel|INFO|created|image|SSP2-RCP26|2025|steel production, electric, low-alloyed|UKR|0.0|0.8917850410938688||
2025-07-21 16:18:19,259|steel|INFO|created|image|SSP2-RCP26|2025|steel production, electric, low-alloyed|USA|0.0|0.8917850410938688||
2025-07-21 16:18:19,259|steel|INFO|created|image|SSP2-RCP26|2025|steel production, electric, low-alloyed|WAF|0.0|0.8917850410938688||
2025-07-21 16:18:19,259|steel|INFO|created|image|SSP2-RCP26|2025|steel production, electric, low-alloyed|WEU|0.0|0.9737039929187018||
2025-07-21 16:18:19,259|steel|INFO|created|image|SSP2-RCP26|2025|steel production, electric, low-alloyed|World|0.0|||
