2025-07-21 16:15:22,216|battery|INFO|modified|image|SSP2-RCP26|2020|market for battery capacity, Li-ion, LFP|GLO|market for battery, Li-ion, LFP, rechargeable, prismatic|8.561643835616438|8.561643835616438||||||||||||
2025-07-21 16:15:22,217|battery|INFO|modified|image|SSP2-RCP26|2020|market for battery capacity, Li-ion, NMC111|GLO|market for battery, Li-ion, NMC111, rechargeable, prismatic|7.610350076103502|7.610350076103502||||||||||||
2025-07-21 16:15:22,217|battery|INFO|modified|image|SSP2-RCP26|2020|market for battery capacity, Li-ion, NMC523|GLO|market for battery, Li-ion, NMC523|6.849315068493151|6.849315068493151||||||||||||
2025-07-21 16:15:22,217|battery|INFO|modified|image|SSP2-RCP26|2020|market for battery capacity, Li-ion, NMC622|GLO|market for battery, Li-ion, NMC622|5.707762557077626|5.707762557077626||||||||||||
2025-07-21 16:15:22,217|battery|INFO|modified|image|SSP2-RCP26|2020|market for battery capacity, Li-ion, NMC811|GLO|market for battery, Li-ion, NMC811, rechargeable, prismatic|5.030181086519114|5.030181086519114||||||||||||
2025-07-21 16:15:22,217|battery|INFO|modified|image|SSP2-RCP26|2020|market for battery capacity, Li-ion, NMC955|GLO|market for battery, Li-ion, NMC955|4.142502071251036|4.142502071251036||||||||||||
2025-07-21 16:15:22,217|battery|INFO|modified|image|SSP2-RCP26|2020|market for battery capacity, Li-ion, NCA|GLO|market for battery, Li-ion, NCA, rechargeable, prismatic|5.030181086519114|5.030181086519114||||||||||||
2025-07-21 16:15:22,220|battery|INFO|modified|image|SSP2-RCP26|2020|market for battery capacity, Li-ion, LTO|GLO|market for battery, Li-ion, LTO|18.38235294117647|18.38235294117647||||||||||||
2025-07-21 16:15:22,220|battery|INFO|modified|image|SSP2-RCP26|2020|market for battery capacity, Li-ion, LiMn2O4|GLO|market for battery, Li-ion, LiMn2O4, rechargeable, prismatic|8.75|8.75||||||||||||
2025-07-21 16:15:22,220|battery|INFO|modified|image|SSP2-RCP26|2020|market for battery capacity, Li-sulfur, Li-S|GLO|market for battery, Li-sulfur, Li-S|8.88888888888889|8.88888888888889||||||||||||
2025-07-21 16:15:22,220|battery|INFO|modified|image|SSP2-RCP26|2020|market for battery capacity, Li-ion, Li-O2|GLO|market for battery, Li-oxygen, Li-O2|5.05050505050505|5.05050505050505||||||||||||
2025-07-21 16:15:22,220|battery|INFO|modified|image|SSP2-RCP26|2020|market for battery capacity, Sodium-ion, SiB|GLO|market for battery, Sodium-ion, SiB|8.333333333333334|8.333333333333334||||||||||||
2025-07-21 16:15:22,220|battery|INFO|modified|image|SSP2-RCP26|2020|market for battery capacity, Li-ion, LFP, stationary|GLO|market for battery, Li-ion, LFP, rechargeable, prismatic|8.561643835616438|8.561643835616438||||||||||||
2025-07-21 16:15:22,220|battery|INFO|modified|image|SSP2-RCP26|2020|market for battery capacity, Li-ion, NMC111, stationary|GLO|market for battery, Li-ion, NMC111, rechargeable, prismatic|7.610350076103502|7.610350076103502||||||||||||
2025-07-21 16:15:22,220|battery|INFO|modified|image|SSP2-RCP26|2020|market for battery capacity, Li-ion, NMC523, stationary|GLO|market for battery, Li-ion, NMC523|6.849315068493151|6.849315068493151||||||||||||
2025-07-21 16:15:22,220|battery|INFO|modified|image|SSP2-RCP26|2020|market for battery capacity, Li-ion, NMC622, stationary|GLO|market for battery, Li-ion, NMC622|5.707762557077626|5.707762557077626||||||||||||
2025-07-21 16:15:22,220|battery|INFO|modified|image|SSP2-RCP26|2020|market for battery capacity, Li-ion, NMC811, stationary|GLO|market for battery, Li-ion, NMC811, rechargeable, prismatic|5.030181086519114|5.030181086519114||||||||||||
2025-07-21 16:15:22,220|battery|INFO|modified|image|SSP2-RCP26|2020|market for battery capacity, Li-ion, NMC955, stationary|GLO|market for battery, Li-ion, NMC955|4.142502071251036|4.142502071251036||||||||||||
2025-07-21 16:15:22,220|battery|INFO|modified|image|SSP2-RCP26|2020|market for battery capacity, redox-flow, Vanadium, stationary|GLO|market for battery, redox-flow, Vanadium|51.54639175257732|51.54639175257732||||||||||||
2025-07-21 16:15:22,220|battery|INFO|modified|image|SSP2-RCP26|2020|market for battery capacity, lead acid, rechargeable, stationary|GLO|market for battery, lead acid, rechargeable, stationary|33.333333333333336|33.333333333333336||||||||||||
2025-07-21 16:15:22,278|battery|INFO|modified (stationary)|image|SSP2-RCP26|2020|market for battery capacity, stationary (CONT scenario)|GLO||||0.24||0.13|0.03||0.4|||||0.05|0.1
2025-07-21 16:15:22,283|battery|INFO|modified (stationary)|image|SSP2-RCP26|2020|market for battery capacity, stationary (TC scenario)|GLO||||0.24||0.13|0.03||0.4|||||0.05|0.1
2025-07-21 16:15:22,346|battery|INFO|modified (mobile)|image|SSP2-RCP26|2020|market for battery capacity (MIX scenario)|GLO||||0.033333333333333354|0.18333333333333335|0.16|0.14666666666666667|0.0|0.26833333333333337|0.20833333333333331|0.0|0.0|0.0||
2025-07-21 16:15:22,363|battery|INFO|modified (mobile)|image|SSP2-RCP26|2020|market for battery capacity (LFP scenario)|GLO||||0.033333333333333354|0.18333333333333335|0.16|0.14666666666666667|0.0|0.26833333333333337|0.20833333333333331|0.0|0.0|0.0||
2025-07-21 16:15:22,379|battery|INFO|modified (mobile)|image|SSP2-RCP26|2020|market for battery capacity (NCx scenario)|GLO||||0.033333333333333354|0.18333333333333335|0.16|0.14666666666666667|0.0|0.26833333333333337|0.20833333333333331|0.0|0.0|0.0||
2025-07-21 16:15:22,396|battery|INFO|modified (mobile)|image|SSP2-RCP26|2020|market for battery capacity (PLiB scenario)|GLO||||0.033333333333333354|0.18333333333333335|0.16|0.14666666666666667|0.0|0.26833333333333337|0.20833333333333331|0.0|0.0|0.0||
2025-07-21 16:21:53,927|battery|INFO|modified|image|SSP2-RCP26|2025|market for battery capacity, Li-ion, LFP|GLO|market for battery, Li-ion, LFP, rechargeable, prismatic|8.561643835616438|8.058017727639001||||||||||||
2025-07-21 16:21:53,927|battery|INFO|modified|image|SSP2-RCP26|2025|market for battery capacity, Li-ion, NMC111|GLO|market for battery, Li-ion, NMC111, rechargeable, prismatic|7.610350076103502|7.471980074719801||||||||||||
2025-07-21 16:21:53,927|battery|INFO|modified|image|SSP2-RCP26|2025|market for battery capacity, Li-ion, NMC523|GLO|market for battery, Li-ion, NMC523|6.849315068493151|6.737031214911297||||||||||||
2025-07-21 16:21:53,927|battery|INFO|modified|image|SSP2-RCP26|2025|market for battery capacity, Li-ion, NMC622|GLO|market for battery, Li-ion, NMC622|5.707762557077626|5.62957402889848||||||||||||
2025-07-21 16:21:53,927|battery|INFO|modified|image|SSP2-RCP26|2025|market for battery capacity, Li-ion, NMC811|GLO|market for battery, Li-ion, NMC811, rechargeable, prismatic|5.030181086519114|4.856726566294317||||||||||||
2025-07-21 16:21:53,927|battery|INFO|modified|image|SSP2-RCP26|2025|market for battery capacity, Li-ion, NMC955|GLO|market for battery, Li-ion, NMC955|4.142502071251036|4.062838569880824||||||||||||
2025-07-21 16:21:53,927|battery|INFO|modified|image|SSP2-RCP26|2025|market for battery capacity, Li-ion, NCA|GLO|market for battery, Li-ion, NCA, rechargeable, prismatic|5.030181086519114|4.856726566294317||||||||||||
2025-07-21 16:21:53,935|battery|INFO|modified|image|SSP2-RCP26|2025|market for battery capacity, Li-ion, LTO|GLO|market for battery, Li-ion, LTO|18.38235294117647|18.38235294117647||||||||||||
2025-07-21 16:21:53,935|battery|INFO|modified|image|SSP2-RCP26|2025|market for battery capacity, Li-ion, LiMn2O4|GLO|market for battery, Li-ion, LiMn2O4, rechargeable, prismatic|8.75|8.75||||||||||||
2025-07-21 16:21:53,935|battery|INFO|modified|image|SSP2-RCP26|2025|market for battery capacity, Li-sulfur, Li-S|GLO|market for battery, Li-sulfur, Li-S|8.88888888888889|7.339449541284403||||||||||||
2025-07-21 16:21:53,935|battery|INFO|modified|image|SSP2-RCP26|2025|market for battery capacity, Li-ion, Li-O2|GLO|market for battery, Li-oxygen, Li-O2|5.05050505050505|4.662004662004662||||||||||||
2025-07-21 16:21:53,936|battery|INFO|modified|image|SSP2-RCP26|2025|market for battery capacity, Sodium-ion, SiB|GLO|market for battery, Sodium-ion, SiB|8.333333333333334|7.969543147208121||||||||||||
2025-07-21 16:21:53,936|battery|INFO|modified|image|SSP2-RCP26|2025|market for battery capacity, Li-ion, LFP, stationary|GLO|market for battery, Li-ion, LFP, rechargeable, prismatic|8.561643835616438|8.058017727639001||||||||||||
2025-07-21 16:21:53,936|battery|INFO|modified|image|SSP2-RCP26|2025|market for battery capacity, Li-ion, NMC111, stationary|GLO|market for battery, Li-ion, NMC111, rechargeable, prismatic|7.610350076103502|7.471980074719801||||||||||||
2025-07-21 16:21:53,936|battery|INFO|modified|image|SSP2-RCP26|2025|market for battery capacity, Li-ion, NMC523, stationary|GLO|market for battery, Li-ion, NMC523|6.849315068493151|6.737031214911297||||||||||||
2025-07-21 16:21:53,936|battery|INFO|modified|image|SSP2-RCP26|2025|market for battery capacity, Li-ion, NMC622, stationary|GLO|market for battery, Li-ion, NMC622|5.707762557077626|5.62957402889848||||||||||||
2025-07-21 16:21:53,936|battery|INFO|modified|image|SSP2-RCP26|2025|market for battery capacity, Li-ion, NMC811, stationary|GLO|market for battery, Li-ion, NMC811, rechargeable, prismatic|5.030181086519114|4.856726566294317||||||||||||
2025-07-21 16:21:53,936|battery|INFO|modified|image|SSP2-RCP26|2025|market for battery capacity, Li-ion, NMC955, stationary|GLO|market for battery, Li-ion, NMC955|4.142502071251036|4.062838569880824||||||||||||
2025-07-21 16:21:53,936|battery|INFO|modified|image|SSP2-RCP26|2025|market for battery capacity, redox-flow, Vanadium, stationary|GLO|market for battery, redox-flow, Vanadium|51.54639175257732|43.79562043795621||||||||||||
2025-07-21 16:21:53,936|battery|INFO|modified|image|SSP2-RCP26|2025|market for battery capacity, lead acid, rechargeable, stationary|GLO|market for battery, lead acid, rechargeable, stationary|33.333333333333336|32.432432432432435||||||||||||
2025-07-21 16:21:53,969|battery|INFO|modified (stationary)|image|SSP2-RCP26|2025|market for battery capacity, stationary (CONT scenario)|GLO||||0.065||0.3|0.135||0.4|||||0.05|0.0
2025-07-21 16:21:53,969|battery|INFO|modified (stationary)|image|SSP2-RCP26|2025|market for battery capacity, stationary (TC scenario)|GLO||||0.035||0.165|0.075||0.25|||||0.2|0.075
2025-07-21 16:21:54,049|battery|INFO|modified (mobile)|image|SSP2-RCP26|2025|market for battery capacity (MIX scenario)|GLO||||0.0|0.059|0.083|0.364|0.0|0.364|0.121|0.0|0.0|0.01||
2025-07-21 16:21:54,056|battery|INFO|modified (mobile)|image|SSP2-RCP26|2025|market for battery capacity (LFP scenario)|GLO||||0.0|0.134720893|0.138803828|0.160239234|0.050526316|0.347368421|0.168341308|0.0|0.0|0.0||
2025-07-21 16:21:54,058|battery|INFO|modified (mobile)|image|SSP2-RCP26|2025|market for battery capacity (NCx scenario)|GLO||||0.0|0.135422648|0.145119617|0.196028708|0.12|0.231578947|0.17185008|0.0|0.0|0.0||
2025-07-21 16:21:54,065|battery|INFO|modified (mobile)|image|SSP2-RCP26|2025|market for battery capacity (PLiB scenario)|GLO||||0.0|0.061274238|0.086094183|0.378947368|0.0|0.221052632|0.126315789|0.0|0.0|0.12631579||
