2025-07-21 16:16:06,680|transport|INFO|empty|image|SSP2-RCP26|2020|transport, freight, lorry, plugin diesel hybrid, 18t gross weight, EURO-VI, long haul|RER|
2025-07-21 16:16:06,806|transport|INFO|empty|image|SSP2-RCP26|2020|transport, freight, lorry, diesel hybrid, 18t gross weight, EURO-VI, long haul|RER|
2025-07-21 16:16:06,925|transport|INFO|empty|image|SSP2-RCP26|2020|transport, freight, lorry, diesel, 40t gross weight, EURO-VI, long haul|RER|
2025-07-21 16:16:07,010|transport|INFO|empty|image|SSP2-RCP26|2020|transport, freight, lorry, plugin diesel hybrid, 40t gross weight, EURO-VI, long haul|RER|
2025-07-21 16:16:07,109|transport|INFO|empty|image|SSP2-RCP26|2020|transport, freight, lorry, diesel hybrid, 40t gross weight, EURO-VI, long haul|RER|
2025-07-21 16:16:07,207|transport|INFO|empty|image|SSP2-RCP26|2020|transport, freight, lorry, fuel cell electric, 18t gross weight, long haul|RER|
2025-07-21 16:16:07,317|transport|INFO|empty|image|SSP2-RCP26|2020|transport, freight, lorry, diesel, 18t gross weight, EURO-VI, long haul|RER|
2025-07-21 16:16:07,387|transport|INFO|empty|image|SSP2-RCP26|2020|transport, freight, lorry, fuel cell electric, 40t gross weight, long haul|RER|
2025-07-21 16:16:07,467|transport|INFO|empty|image|SSP2-RCP26|2020|transport, freight, lorry, compressed gas, 18t gross weight, EURO-VI, long haul|RER|
2025-07-21 16:16:07,555|transport|INFO|empty|image|SSP2-RCP26|2020|transport, freight, lorry, compressed gas, 40t gross weight, EURO-VI, long haul|RER|
2025-07-21 16:22:50,291|transport|INFO|empty|image|SSP2-RCP26|2025|transport, freight, lorry, plugin diesel hybrid, 18t gross weight, EURO-VI, long haul|RER|
2025-07-21 16:22:50,367|transport|INFO|empty|image|SSP2-RCP26|2025|transport, freight, lorry, diesel hybrid, 18t gross weight, EURO-VI, long haul|RER|
2025-07-21 16:22:50,440|transport|INFO|empty|image|SSP2-RCP26|2025|transport, freight, lorry, diesel, 40t gross weight, EURO-VI, long haul|RER|
2025-07-21 16:22:50,515|transport|INFO|empty|image|SSP2-RCP26|2025|transport, freight, lorry, plugin diesel hybrid, 40t gross weight, EURO-VI, long haul|RER|
2025-07-21 16:22:50,656|transport|INFO|empty|image|SSP2-RCP26|2025|transport, freight, lorry, diesel hybrid, 40t gross weight, EURO-VI, long haul|RER|
2025-07-21 16:22:50,770|transport|INFO|empty|image|SSP2-RCP26|2025|transport, freight, lorry, fuel cell electric, 18t gross weight, long haul|RER|
2025-07-21 16:22:50,881|transport|INFO|empty|image|SSP2-RCP26|2025|transport, freight, lorry, diesel, 18t gross weight, EURO-VI, long haul|RER|
2025-07-21 16:22:50,961|transport|INFO|empty|image|SSP2-RCP26|2025|transport, freight, lorry, fuel cell electric, 40t gross weight, long haul|RER|
2025-07-21 16:22:51,047|transport|INFO|empty|image|SSP2-RCP26|2025|transport, freight, lorry, compressed gas, 18t gross weight, EURO-VI, long haul|RER|
2025-07-21 16:22:51,141|transport|INFO|empty|image|SSP2-RCP26|2025|transport, freight, lorry, compressed gas, 40t gross weight, EURO-VI, long haul|RER|
