2025-07-21 16:10:51,901|biomass|INFO|empty|image|SSP2-RCP26|2020|supply of forest residue|US|
2025-07-21 16:10:51,901|biomass|INFO|empty|image|SSP2-RCP26|2020|supply of forest residue|RER|
2025-07-21 16:10:51,901|biomass|INFO|created|image|SSP2-RCP26|2020|supply of forest residue|BRA|
2025-07-21 16:10:51,901|biomass|INFO|created|image|SSP2-RCP26|2020|supply of forest residue|CAN|
2025-07-21 16:10:51,901|biomass|INFO|created|image|SSP2-RCP26|2020|supply of forest residue|CEU|
2025-07-21 16:10:51,901|biomass|INFO|created|image|SSP2-RCP26|2020|supply of forest residue|CHN|
2025-07-21 16:10:51,901|biomass|INFO|created|image|SSP2-RCP26|2020|supply of forest residue|EAF|
2025-07-21 16:10:51,901|biomass|INFO|created|image|SSP2-RCP26|2020|supply of forest residue|INDIA|
2025-07-21 16:10:51,901|biomass|INFO|created|image|SSP2-RCP26|2020|supply of forest residue|INDO|
2025-07-21 16:10:51,901|biomass|INFO|created|image|SSP2-RCP26|2020|supply of forest residue|JAP|
2025-07-21 16:10:51,901|biomass|INFO|created|image|SSP2-RCP26|2020|supply of forest residue|KOR|
2025-07-21 16:10:51,901|biomass|INFO|created|image|SSP2-RCP26|2020|supply of forest residue|ME|
2025-07-21 16:10:51,901|biomass|INFO|created|image|SSP2-RCP26|2020|supply of forest residue|MEX|
2025-07-21 16:10:51,901|biomass|INFO|created|image|SSP2-RCP26|2020|supply of forest residue|NAF|
2025-07-21 16:10:51,901|biomass|INFO|created|image|SSP2-RCP26|2020|supply of forest residue|OCE|
2025-07-21 16:10:51,901|biomass|INFO|created|image|SSP2-RCP26|2020|supply of forest residue|RCAM|
2025-07-21 16:10:51,901|biomass|INFO|created|image|SSP2-RCP26|2020|supply of forest residue|RSAF|
2025-07-21 16:10:51,901|biomass|INFO|created|image|SSP2-RCP26|2020|supply of forest residue|RSAM|
2025-07-21 16:10:51,901|biomass|INFO|created|image|SSP2-RCP26|2020|supply of forest residue|RSAS|
2025-07-21 16:10:51,901|biomass|INFO|created|image|SSP2-RCP26|2020|supply of forest residue|RUS|
2025-07-21 16:10:51,901|biomass|INFO|created|image|SSP2-RCP26|2020|supply of forest residue|SAF|
2025-07-21 16:10:51,901|biomass|INFO|created|image|SSP2-RCP26|2020|supply of forest residue|SEAS|
2025-07-21 16:10:51,901|biomass|INFO|created|image|SSP2-RCP26|2020|supply of forest residue|STAN|
2025-07-21 16:10:51,901|biomass|INFO|created|image|SSP2-RCP26|2020|supply of forest residue|TUR|
2025-07-21 16:10:51,901|biomass|INFO|created|image|SSP2-RCP26|2020|supply of forest residue|UKR|
2025-07-21 16:10:51,901|biomass|INFO|created|image|SSP2-RCP26|2020|supply of forest residue|USA|
2025-07-21 16:10:51,901|biomass|INFO|created|image|SSP2-RCP26|2020|supply of forest residue|WAF|
2025-07-21 16:10:51,901|biomass|INFO|created|image|SSP2-RCP26|2020|supply of forest residue|WEU|
2025-07-21 16:10:51,901|biomass|INFO|created|image|SSP2-RCP26|2020|supply of forest residue|World|
2025-07-21 16:10:52,830|biomass|INFO|created|image|SSP2-RCP26|2020|market for biomass, used as fuel|BRA|0.13332719404302915
2025-07-21 16:10:53,003|biomass|INFO|created|image|SSP2-RCP26|2020|market for biomass, used as fuel|CAN|0.8901891925855471
2025-07-21 16:10:53,612|biomass|INFO|created|image|SSP2-RCP26|2020|market for biomass, used as fuel|CEU|0.7459674997951012
2025-07-21 16:10:55,632|biomass|INFO|created|image|SSP2-RCP26|2020|market for biomass, used as fuel|CHN|0.8146125106159716
2025-07-21 16:10:56,068|biomass|INFO|created|image|SSP2-RCP26|2020|market for biomass, used as fuel|EAF|0.2888260596658039
2025-07-21 16:10:57,039|biomass|INFO|created|image|SSP2-RCP26|2020|market for biomass, used as fuel|INDIA|0.44418418756782335
2025-07-21 16:10:57,181|biomass|INFO|created|image|SSP2-RCP26|2020|market for biomass, used as fuel|INDO|0.12974078584895038
2025-07-21 16:10:57,223|biomass|INFO|created|image|SSP2-RCP26|2020|market for biomass, used as fuel|JAP|1.0
2025-07-21 16:10:57,260|biomass|INFO|created|image|SSP2-RCP26|2020|market for biomass, used as fuel|KOR|1.0
2025-07-21 16:10:57,285|biomass|INFO|created|image|SSP2-RCP26|2020|market for biomass, used as fuel|ME|1.0
2025-07-21 16:10:57,392|biomass|INFO|created|image|SSP2-RCP26|2020|market for biomass, used as fuel|MEX|0.9912134581890274
2025-07-21 16:10:57,438|biomass|INFO|created|image|SSP2-RCP26|2020|market for biomass, used as fuel|NAF|1.0
2025-07-21 16:10:58,021|biomass|INFO|created|image|SSP2-RCP26|2020|market for biomass, used as fuel|OCE|0.6297013696383387
2025-07-21 16:10:58,885|biomass|INFO|created|image|SSP2-RCP26|2020|market for biomass, used as fuel|RCAM|0.5649641989093072
2025-07-21 16:10:58,918|biomass|INFO|created|image|SSP2-RCP26|2020|market for biomass, used as fuel|RSAF|1.0
2025-07-21 16:10:59,444|biomass|INFO|created|image|SSP2-RCP26|2020|market for biomass, used as fuel|RSAM|0.5069105531006761
2025-07-21 16:10:59,702|biomass|INFO|created|image|SSP2-RCP26|2020|market for biomass, used as fuel|RSAS|0.9160238013494006
2025-07-21 16:10:59,888|biomass|INFO|created|image|SSP2-RCP26|2020|market for biomass, used as fuel|RUS|0.8197348109146505
2025-07-21 16:10:59,984|biomass|INFO|created|image|SSP2-RCP26|2020|market for biomass, used as fuel|SAF|0.04818140844532106
2025-07-21 16:11:00,472|biomass|INFO|created|image|SSP2-RCP26|2020|market for biomass, used as fuel|SEAS|0.5557361982522782
2025-07-21 16:11:00,692|biomass|INFO|created|image|SSP2-RCP26|2020|market for biomass, used as fuel|STAN|0.21222002300767956
2025-07-21 16:11:00,801|biomass|INFO|created|image|SSP2-RCP26|2020|market for biomass, used as fuel|TUR|0.8452105857641055
2025-07-21 16:11:00,961|biomass|INFO|created|image|SSP2-RCP26|2020|market for biomass, used as fuel|UKR|0.4338478419677067
2025-07-21 16:11:02,971|biomass|INFO|created|image|SSP2-RCP26|2020|market for biomass, used as fuel|USA|0.997542280921255
2025-07-21 16:11:03,591|biomass|INFO|created|image|SSP2-RCP26|2020|market for biomass, used as fuel|WAF|0.42377675920482305
2025-07-21 16:11:03,788|biomass|INFO|created|image|SSP2-RCP26|2020|market for biomass, used as fuel|WEU|0.756216562572419
2025-07-21 16:11:03,862|biomass|INFO|created|image|SSP2-RCP26|2020|market for biomass, used as fuel|World|0.5079075356621947
2025-07-21 16:16:33,884|biomass|INFO|empty|image|SSP2-RCP26|2025|supply of forest residue|US|
2025-07-21 16:16:33,884|biomass|INFO|empty|image|SSP2-RCP26|2025|supply of forest residue|RER|
2025-07-21 16:16:33,885|biomass|INFO|created|image|SSP2-RCP26|2025|supply of forest residue|BRA|
2025-07-21 16:16:33,885|biomass|INFO|created|image|SSP2-RCP26|2025|supply of forest residue|CAN|
2025-07-21 16:16:33,885|biomass|INFO|created|image|SSP2-RCP26|2025|supply of forest residue|CEU|
2025-07-21 16:16:33,886|biomass|INFO|created|image|SSP2-RCP26|2025|supply of forest residue|CHN|
2025-07-21 16:16:33,886|biomass|INFO|created|image|SSP2-RCP26|2025|supply of forest residue|EAF|
2025-07-21 16:16:33,886|biomass|INFO|created|image|SSP2-RCP26|2025|supply of forest residue|INDIA|
2025-07-21 16:16:33,886|biomass|INFO|created|image|SSP2-RCP26|2025|supply of forest residue|INDO|
2025-07-21 16:16:33,886|biomass|INFO|created|image|SSP2-RCP26|2025|supply of forest residue|JAP|
2025-07-21 16:16:33,886|biomass|INFO|created|image|SSP2-RCP26|2025|supply of forest residue|KOR|
2025-07-21 16:16:33,886|biomass|INFO|created|image|SSP2-RCP26|2025|supply of forest residue|ME|
2025-07-21 16:16:33,886|biomass|INFO|created|image|SSP2-RCP26|2025|supply of forest residue|MEX|
2025-07-21 16:16:33,886|biomass|INFO|created|image|SSP2-RCP26|2025|supply of forest residue|NAF|
2025-07-21 16:16:33,886|biomass|INFO|created|image|SSP2-RCP26|2025|supply of forest residue|OCE|
2025-07-21 16:16:33,886|biomass|INFO|created|image|SSP2-RCP26|2025|supply of forest residue|RCAM|
2025-07-21 16:16:33,887|biomass|INFO|created|image|SSP2-RCP26|2025|supply of forest residue|RSAF|
2025-07-21 16:16:33,887|biomass|INFO|created|image|SSP2-RCP26|2025|supply of forest residue|RSAM|
2025-07-21 16:16:33,887|biomass|INFO|created|image|SSP2-RCP26|2025|supply of forest residue|RSAS|
2025-07-21 16:16:33,887|biomass|INFO|created|image|SSP2-RCP26|2025|supply of forest residue|RUS|
2025-07-21 16:16:33,887|biomass|INFO|created|image|SSP2-RCP26|2025|supply of forest residue|SAF|
2025-07-21 16:16:33,887|biomass|INFO|created|image|SSP2-RCP26|2025|supply of forest residue|SEAS|
2025-07-21 16:16:33,887|biomass|INFO|created|image|SSP2-RCP26|2025|supply of forest residue|STAN|
2025-07-21 16:16:33,887|biomass|INFO|created|image|SSP2-RCP26|2025|supply of forest residue|TUR|
2025-07-21 16:16:33,887|biomass|INFO|created|image|SSP2-RCP26|2025|supply of forest residue|UKR|
2025-07-21 16:16:33,887|biomass|INFO|created|image|SSP2-RCP26|2025|supply of forest residue|USA|
2025-07-21 16:16:33,887|biomass|INFO|created|image|SSP2-RCP26|2025|supply of forest residue|WAF|
2025-07-21 16:16:33,887|biomass|INFO|created|image|SSP2-RCP26|2025|supply of forest residue|WEU|
2025-07-21 16:16:33,888|biomass|INFO|created|image|SSP2-RCP26|2025|supply of forest residue|World|
2025-07-21 16:16:34,596|biomass|INFO|created|image|SSP2-RCP26|2025|market for biomass, used as fuel|BRA|0.2095157821467874
2025-07-21 16:16:34,717|biomass|INFO|created|image|SSP2-RCP26|2025|market for biomass, used as fuel|CAN|0.7491852126086076
2025-07-21 16:16:35,118|biomass|INFO|created|image|SSP2-RCP26|2025|market for biomass, used as fuel|CEU|0.6342328648288623
2025-07-21 16:16:36,793|biomass|INFO|created|image|SSP2-RCP26|2025|market for biomass, used as fuel|CHN|0.6980744465904271
2025-07-21 16:16:37,138|biomass|INFO|created|image|SSP2-RCP26|2025|market for biomass, used as fuel|EAF|0.23501159370256414
2025-07-21 16:16:37,930|biomass|INFO|created|image|SSP2-RCP26|2025|market for biomass, used as fuel|INDIA|0.46920735143640196
2025-07-21 16:16:38,049|biomass|INFO|created|image|SSP2-RCP26|2025|market for biomass, used as fuel|INDO|0.19770899060093544
2025-07-21 16:16:38,079|biomass|INFO|created|image|SSP2-RCP26|2025|market for biomass, used as fuel|JAP|1.0
2025-07-21 16:16:38,104|biomass|INFO|created|image|SSP2-RCP26|2025|market for biomass, used as fuel|KOR|1.0
2025-07-21 16:16:38,132|biomass|INFO|created|image|SSP2-RCP26|2025|market for biomass, used as fuel|ME|1.0
2025-07-21 16:16:38,217|biomass|INFO|created|image|SSP2-RCP26|2025|market for biomass, used as fuel|MEX|0.9978233980163097
2025-07-21 16:16:38,427|biomass|INFO|created|image|SSP2-RCP26|2025|market for biomass, used as fuel|NAF|0.6480449436554393
2025-07-21 16:16:38,873|biomass|INFO|created|image|SSP2-RCP26|2025|market for biomass, used as fuel|OCE|0.6543217247430618
2025-07-21 16:16:39,501|biomass|INFO|created|image|SSP2-RCP26|2025|market for biomass, used as fuel|RCAM|0.28044459312300946
2025-07-21 16:16:39,532|biomass|INFO|created|image|SSP2-RCP26|2025|market for biomass, used as fuel|RSAF|1.0
2025-07-21 16:16:39,924|biomass|INFO|created|image|SSP2-RCP26|2025|market for biomass, used as fuel|RSAM|0.24179508488411322
2025-07-21 16:16:40,159|biomass|INFO|created|image|SSP2-RCP26|2025|market for biomass, used as fuel|RSAS|0.7852839269427778
2025-07-21 16:16:40,337|biomass|INFO|created|image|SSP2-RCP26|2025|market for biomass, used as fuel|RUS|0.6744576188377013
2025-07-21 16:16:40,416|biomass|INFO|created|image|SSP2-RCP26|2025|market for biomass, used as fuel|SAF|0.1570334544535114
2025-07-21 16:16:40,749|biomass|INFO|created|image|SSP2-RCP26|2025|market for biomass, used as fuel|SEAS|0.6961678252060799
2025-07-21 16:16:40,891|biomass|INFO|created|image|SSP2-RCP26|2025|market for biomass, used as fuel|STAN|0.07744564601339597
2025-07-21 16:16:40,965|biomass|INFO|created|image|SSP2-RCP26|2025|market for biomass, used as fuel|TUR|0.48367115200347716
2025-07-21 16:16:41,074|biomass|INFO|created|image|SSP2-RCP26|2025|market for biomass, used as fuel|UKR|0.2627758965608798
2025-07-21 16:16:42,685|biomass|INFO|created|image|SSP2-RCP26|2025|market for biomass, used as fuel|USA|0.9996181604227174
2025-07-21 16:16:43,276|biomass|INFO|created|image|SSP2-RCP26|2025|market for biomass, used as fuel|WAF|0.366654182202951
2025-07-21 16:16:43,427|biomass|INFO|created|image|SSP2-RCP26|2025|market for biomass, used as fuel|WEU|0.7644984698623434
2025-07-21 16:16:43,482|biomass|INFO|created|image|SSP2-RCP26|2025|market for biomass, used as fuel|World|0.5849150575365542
